   1               		.file	"action_util.c"
   2               	__SP_H__ = 0x3e
   3               	__SP_L__ = 0x3d
   4               	__SREG__ = 0x3f
   5               	__tmp_reg__ = 0
   6               	__zero_reg__ = 1
   7               		.text
   8               	.Ltext0:
   9               		.cfi_sections	.debug_frame
  10               		.section	.text.add_key,"ax",@progbits
  11               	.global	add_key
  13               	add_key:
  14               	.LVL0:
  15               	.LFB3:
  16               		.file 1 "tmk_core/common/action_util.h"
   1:tmk_core/common/action_util.h **** /*
   2:tmk_core/common/action_util.h **** Copyright 2013 Jun Wako <wakojun@gmail.com>
   3:tmk_core/common/action_util.h **** 
   4:tmk_core/common/action_util.h **** This program is free software: you can redistribute it and/or modify
   5:tmk_core/common/action_util.h **** it under the terms of the GNU General Public License as published by
   6:tmk_core/common/action_util.h **** the Free Software Foundation, either version 2 of the License, or
   7:tmk_core/common/action_util.h **** (at your option) any later version.
   8:tmk_core/common/action_util.h **** 
   9:tmk_core/common/action_util.h **** This program is distributed in the hope that it will be useful,
  10:tmk_core/common/action_util.h **** but WITHOUT ANY WARRANTY; without even the implied warranty of
  11:tmk_core/common/action_util.h **** MERCHANTABILITY or FITNESS FOR A PARTICULAR PURPOSE.  See the
  12:tmk_core/common/action_util.h **** GNU General Public License for more details.
  13:tmk_core/common/action_util.h **** 
  14:tmk_core/common/action_util.h **** You should have received a copy of the GNU General Public License
  15:tmk_core/common/action_util.h **** along with this program.  If not, see <http://www.gnu.org/licenses/>.
  16:tmk_core/common/action_util.h **** */
  17:tmk_core/common/action_util.h **** 
  18:tmk_core/common/action_util.h **** #pragma once
  19:tmk_core/common/action_util.h **** 
  20:tmk_core/common/action_util.h **** #include <stdint.h>
  21:tmk_core/common/action_util.h **** #include "report.h"
  22:tmk_core/common/action_util.h **** 
  23:tmk_core/common/action_util.h **** #ifdef __cplusplus
  24:tmk_core/common/action_util.h **** extern "C" {
  25:tmk_core/common/action_util.h **** #endif
  26:tmk_core/common/action_util.h **** 
  27:tmk_core/common/action_util.h **** extern report_keyboard_t *keyboard_report;
  28:tmk_core/common/action_util.h **** 
  29:tmk_core/common/action_util.h **** void send_keyboard_report(void);
  30:tmk_core/common/action_util.h **** 
  31:tmk_core/common/action_util.h **** /* key */
  32:tmk_core/common/action_util.h **** inline void add_key(uint8_t key) { add_key_to_report(keyboard_report, key); }
  17               		.loc 1 32 34 view -0
  18               		.cfi_startproc
  19               	/* prologue: function */
  20               	/* frame size = 0 */
  21               	/* stack size = 0 */
  22               	.L__stack_usage = 0
  23               		.loc 1 32 36 view .LVU1
  24 0000 682F      		mov r22,r24
  25 0002 8091 0000 		lds r24,keyboard_report
  26 0006 9091 0000 		lds r25,keyboard_report+1
  27               	.LVL1:
  28               		.loc 1 32 36 is_stmt 0 view .LVU2
  29 000a 0C94 0000 		jmp add_key_to_report
  30               	.LVL2:
  31               		.loc 1 32 36 view .LVU3
  32               		.cfi_endproc
  33               	.LFE3:
  35               		.section	.text.del_key,"ax",@progbits
  36               	.global	del_key
  38               	del_key:
  39               	.LVL3:
  40               	.LFB4:
  33:tmk_core/common/action_util.h **** 
  34:tmk_core/common/action_util.h **** inline void del_key(uint8_t key) { del_key_from_report(keyboard_report, key); }
  41               		.loc 1 34 34 is_stmt 1 view -0
  42               		.cfi_startproc
  43               	/* prologue: function */
  44               	/* frame size = 0 */
  45               	/* stack size = 0 */
  46               	.L__stack_usage = 0
  47               		.loc 1 34 36 view .LVU5
  48 0000 682F      		mov r22,r24
  49 0002 8091 0000 		lds r24,keyboard_report
  50 0006 9091 0000 		lds r25,keyboard_report+1
  51               	.LVL4:
  52               		.loc 1 34 36 is_stmt 0 view .LVU6
  53 000a 0C94 0000 		jmp del_key_from_report
  54               	.LVL5:
  55               		.loc 1 34 36 view .LVU7
  56               		.cfi_endproc
  57               	.LFE4:
  59               		.section	.text.clear_keys,"ax",@progbits
  60               	.global	clear_keys
  62               	clear_keys:
  63               	.LFB5:
  35:tmk_core/common/action_util.h **** 
  36:tmk_core/common/action_util.h **** inline void clear_keys(void) { clear_keys_from_report(keyboard_report); }
  64               		.loc 1 36 30 is_stmt 1 view -0
  65               		.cfi_startproc
  66               	/* prologue: function */
  67               	/* frame size = 0 */
  68               	/* stack size = 0 */
  69               	.L__stack_usage = 0
  70               		.loc 1 36 32 view .LVU9
  71 0000 8091 0000 		lds r24,keyboard_report
  72 0004 9091 0000 		lds r25,keyboard_report+1
  73 0008 0C94 0000 		jmp clear_keys_from_report
  74               	.LVL6:
  75               		.cfi_endproc
  76               	.LFE5:
  78               		.section	.text.get_oneshot_locked_mods,"ax",@progbits
  79               	.global	get_oneshot_locked_mods
  81               	get_oneshot_locked_mods:
  82               	.LFB9:
  83               		.file 2 "tmk_core/common/action_util.c"
   1:tmk_core/common/action_util.c **** /*
   2:tmk_core/common/action_util.c **** Copyright 2013 Jun Wako <wakojun@gmail.com>
   3:tmk_core/common/action_util.c **** 
   4:tmk_core/common/action_util.c **** This program is free software: you can redistribute it and/or modify
   5:tmk_core/common/action_util.c **** it under the terms of the GNU General Public License as published by
   6:tmk_core/common/action_util.c **** the Free Software Foundation, either version 2 of the License, or
   7:tmk_core/common/action_util.c **** (at your option) any later version.
   8:tmk_core/common/action_util.c **** 
   9:tmk_core/common/action_util.c **** This program is distributed in the hope that it will be useful,
  10:tmk_core/common/action_util.c **** but WITHOUT ANY WARRANTY; without even the implied warranty of
  11:tmk_core/common/action_util.c **** MERCHANTABILITY or FITNESS FOR A PARTICULAR PURPOSE.  See the
  12:tmk_core/common/action_util.c **** GNU General Public License for more details.
  13:tmk_core/common/action_util.c **** 
  14:tmk_core/common/action_util.c **** You should have received a copy of the GNU General Public License
  15:tmk_core/common/action_util.c **** along with this program.  If not, see <http://www.gnu.org/licenses/>.
  16:tmk_core/common/action_util.c **** */
  17:tmk_core/common/action_util.c **** #include "host.h"
  18:tmk_core/common/action_util.c **** #include "report.h"
  19:tmk_core/common/action_util.c **** #include "debug.h"
  20:tmk_core/common/action_util.c **** #include "action_util.h"
  21:tmk_core/common/action_util.c **** #include "action_layer.h"
  22:tmk_core/common/action_util.c **** #include "timer.h"
  23:tmk_core/common/action_util.c **** #include "keycode_config.h"
  24:tmk_core/common/action_util.c **** 
  25:tmk_core/common/action_util.c **** extern keymap_config_t keymap_config;
  26:tmk_core/common/action_util.c **** 
  27:tmk_core/common/action_util.c **** static uint8_t real_mods  = 0;
  28:tmk_core/common/action_util.c **** static uint8_t weak_mods  = 0;
  29:tmk_core/common/action_util.c **** static uint8_t macro_mods = 0;
  30:tmk_core/common/action_util.c **** 
  31:tmk_core/common/action_util.c **** #ifdef USB_6KRO_ENABLE
  32:tmk_core/common/action_util.c **** #    define RO_ADD(a, b) ((a + b) % KEYBOARD_REPORT_KEYS)
  33:tmk_core/common/action_util.c **** #    define RO_SUB(a, b) ((a - b + KEYBOARD_REPORT_KEYS) % KEYBOARD_REPORT_KEYS)
  34:tmk_core/common/action_util.c **** #    define RO_INC(a) RO_ADD(a, 1)
  35:tmk_core/common/action_util.c **** #    define RO_DEC(a) RO_SUB(a, 1)
  36:tmk_core/common/action_util.c **** static int8_t cb_head  = 0;
  37:tmk_core/common/action_util.c **** static int8_t cb_tail  = 0;
  38:tmk_core/common/action_util.c **** static int8_t cb_count = 0;
  39:tmk_core/common/action_util.c **** #endif
  40:tmk_core/common/action_util.c **** 
  41:tmk_core/common/action_util.c **** // TODO: pointer variable is not needed
  42:tmk_core/common/action_util.c **** // report_keyboard_t keyboard_report = {};
  43:tmk_core/common/action_util.c **** report_keyboard_t *keyboard_report = &(report_keyboard_t){};
  44:tmk_core/common/action_util.c **** 
  45:tmk_core/common/action_util.c **** extern inline void add_key(uint8_t key);
  46:tmk_core/common/action_util.c **** extern inline void del_key(uint8_t key);
  47:tmk_core/common/action_util.c **** extern inline void clear_keys(void);
  48:tmk_core/common/action_util.c **** 
  49:tmk_core/common/action_util.c **** #ifndef NO_ACTION_ONESHOT
  50:tmk_core/common/action_util.c **** static uint8_t oneshot_mods        = 0;
  51:tmk_core/common/action_util.c **** static uint8_t oneshot_locked_mods = 0;
  52:tmk_core/common/action_util.c **** uint8_t        get_oneshot_locked_mods(void) { return oneshot_locked_mods; }
  84               		.loc 2 52 46 view -0
  85               		.cfi_startproc
  86               	/* prologue: function */
  87               	/* frame size = 0 */
  88               	/* stack size = 0 */
  89               	.L__stack_usage = 0
  90               		.loc 2 52 48 view .LVU11
  91               		.loc 2 52 1 is_stmt 0 view .LVU12
  92 0000 8091 0000 		lds r24,oneshot_locked_mods
  93               	/* epilogue start */
  94 0004 0895      		ret
  95               		.cfi_endproc
  96               	.LFE9:
  98               		.section	.text.has_oneshot_mods_timed_out,"ax",@progbits
  99               	.global	has_oneshot_mods_timed_out
 101               	has_oneshot_mods_timed_out:
 102               	.LFB12:
  53:tmk_core/common/action_util.c **** void           set_oneshot_locked_mods(uint8_t mods) {
  54:tmk_core/common/action_util.c ****     if (mods != oneshot_locked_mods) {
  55:tmk_core/common/action_util.c ****         oneshot_locked_mods = mods;
  56:tmk_core/common/action_util.c ****         oneshot_locked_mods_changed_kb(oneshot_locked_mods);
  57:tmk_core/common/action_util.c ****     }
  58:tmk_core/common/action_util.c **** }
  59:tmk_core/common/action_util.c **** void clear_oneshot_locked_mods(void) {
  60:tmk_core/common/action_util.c ****     if (oneshot_locked_mods) {
  61:tmk_core/common/action_util.c ****         oneshot_locked_mods = 0;
  62:tmk_core/common/action_util.c ****         oneshot_locked_mods_changed_kb(oneshot_locked_mods);
  63:tmk_core/common/action_util.c ****     }
  64:tmk_core/common/action_util.c **** }
  65:tmk_core/common/action_util.c **** #    if (defined(ONESHOT_TIMEOUT) && (ONESHOT_TIMEOUT > 0))
  66:tmk_core/common/action_util.c **** static uint16_t oneshot_time = 0;
  67:tmk_core/common/action_util.c **** bool            has_oneshot_mods_timed_out(void) { return TIMER_DIFF_16(timer_read(), oneshot_time)
  68:tmk_core/common/action_util.c **** #    else
  69:tmk_core/common/action_util.c **** bool has_oneshot_mods_timed_out(void) { return false; }
 103               		.loc 2 69 39 is_stmt 1 view -0
 104               		.cfi_startproc
 105               	/* prologue: function */
 106               	/* frame size = 0 */
 107               	/* stack size = 0 */
 108               	.L__stack_usage = 0
 109               		.loc 2 69 41 view .LVU14
 110               		.loc 2 69 1 is_stmt 0 view .LVU15
 111 0000 80E0      		ldi r24,0
 112               	/* epilogue start */
 113 0002 0895      		ret
 114               		.cfi_endproc
 115               	.LFE12:
 117               		.section	.text.get_oneshot_layer,"ax",@progbits
 118               	.global	get_oneshot_layer
 120               	get_oneshot_layer:
 121               	.LFB13:
  70:tmk_core/common/action_util.c **** #    endif
  71:tmk_core/common/action_util.c **** #endif
  72:tmk_core/common/action_util.c **** 
  73:tmk_core/common/action_util.c **** /* oneshot layer */
  74:tmk_core/common/action_util.c **** #ifndef NO_ACTION_ONESHOT
  75:tmk_core/common/action_util.c **** /** \brief oneshot_layer_data bits
  76:tmk_core/common/action_util.c ****  * LLLL LSSS
  77:tmk_core/common/action_util.c ****  * where:
  78:tmk_core/common/action_util.c ****  *   L => are layer bits
  79:tmk_core/common/action_util.c ****  *   S => oneshot state bits
  80:tmk_core/common/action_util.c ****  */
  81:tmk_core/common/action_util.c **** static int8_t oneshot_layer_data = 0;
  82:tmk_core/common/action_util.c **** 
  83:tmk_core/common/action_util.c **** inline uint8_t get_oneshot_layer(void) { return oneshot_layer_data >> 3; }
 122               		.loc 2 83 40 is_stmt 1 view -0
 123               		.cfi_startproc
 124               	/* prologue: function */
 125               	/* frame size = 0 */
 126               	/* stack size = 0 */
 127               	.L__stack_usage = 0
 128               		.loc 2 83 42 view .LVU17
 129               		.loc 2 83 68 is_stmt 0 view .LVU18
 130 0000 8091 0000 		lds r24,oneshot_layer_data
 131               		.loc 2 83 1 view .LVU19
 132 0004 8595      		asr r24
 133 0006 8595      		asr r24
 134 0008 8595      		asr r24
 135               	/* epilogue start */
 136 000a 0895      		ret
 137               		.cfi_endproc
 138               	.LFE13:
 140               		.section	.text.get_oneshot_layer_state,"ax",@progbits
 141               	.global	get_oneshot_layer_state
 143               	get_oneshot_layer_state:
 144               	.LFB14:
  84:tmk_core/common/action_util.c **** inline uint8_t get_oneshot_layer_state(void) { return oneshot_layer_data & 0b111; }
 145               		.loc 2 84 46 is_stmt 1 view -0
 146               		.cfi_startproc
 147               	/* prologue: function */
 148               	/* frame size = 0 */
 149               	/* stack size = 0 */
 150               	.L__stack_usage = 0
 151               		.loc 2 84 48 view .LVU21
 152               		.loc 2 84 74 is_stmt 0 view .LVU22
 153 0000 8091 0000 		lds r24,oneshot_layer_data
 154               		.loc 2 84 1 view .LVU23
 155 0004 8770      		andi r24,lo8(7)
 156               	/* epilogue start */
 157 0006 0895      		ret
 158               		.cfi_endproc
 159               	.LFE14:
 161               		.section	.text.is_oneshot_layer_active,"ax",@progbits
 162               	.global	is_oneshot_layer_active
 164               	is_oneshot_layer_active:
 165               	.LFB18:
  85:tmk_core/common/action_util.c **** 
  86:tmk_core/common/action_util.c **** #    ifdef SWAP_HANDS_ENABLE
  87:tmk_core/common/action_util.c **** enum {
  88:tmk_core/common/action_util.c ****     SHO_OFF,
  89:tmk_core/common/action_util.c ****     SHO_ACTIVE,   // Swap hands button was pressed, and we didn't send any swapped keys yet
  90:tmk_core/common/action_util.c ****     SHO_PRESSED,  // Swap hands button is currently pressed
  91:tmk_core/common/action_util.c ****     SHO_USED,     // Swap hands button is still pressed, and we already sent swapped keys
  92:tmk_core/common/action_util.c **** } swap_hands_oneshot = SHO_OFF;
  93:tmk_core/common/action_util.c **** #    endif
  94:tmk_core/common/action_util.c **** 
  95:tmk_core/common/action_util.c **** #    if (defined(ONESHOT_TIMEOUT) && (ONESHOT_TIMEOUT > 0))
  96:tmk_core/common/action_util.c **** static uint16_t oneshot_layer_time = 0;
  97:tmk_core/common/action_util.c **** inline bool     has_oneshot_layer_timed_out() { return TIMER_DIFF_16(timer_read(), oneshot_layer_ti
  98:tmk_core/common/action_util.c **** #        ifdef SWAP_HANDS_ENABLE
  99:tmk_core/common/action_util.c **** static uint16_t oneshot_swaphands_time = 0;
 100:tmk_core/common/action_util.c **** inline bool     has_oneshot_swaphands_timed_out() { return TIMER_DIFF_16(timer_read(), oneshot_swap
 101:tmk_core/common/action_util.c **** #        endif
 102:tmk_core/common/action_util.c **** #    endif
 103:tmk_core/common/action_util.c **** 
 104:tmk_core/common/action_util.c **** #    ifdef SWAP_HANDS_ENABLE
 105:tmk_core/common/action_util.c **** 
 106:tmk_core/common/action_util.c **** void set_oneshot_swaphands(void) {
 107:tmk_core/common/action_util.c ****     swap_hands_oneshot = SHO_PRESSED;
 108:tmk_core/common/action_util.c ****     swap_hands         = true;
 109:tmk_core/common/action_util.c **** #        if (defined(ONESHOT_TIMEOUT) && (ONESHOT_TIMEOUT > 0))
 110:tmk_core/common/action_util.c ****     oneshot_swaphands_time = timer_read();
 111:tmk_core/common/action_util.c ****     if (oneshot_layer_time != 0) {
 112:tmk_core/common/action_util.c ****         oneshot_layer_time = oneshot_swaphands_time;
 113:tmk_core/common/action_util.c ****     }
 114:tmk_core/common/action_util.c **** #        endif
 115:tmk_core/common/action_util.c **** }
 116:tmk_core/common/action_util.c **** 
 117:tmk_core/common/action_util.c **** void release_oneshot_swaphands(void) {
 118:tmk_core/common/action_util.c ****     if (swap_hands_oneshot == SHO_PRESSED) {
 119:tmk_core/common/action_util.c ****         swap_hands_oneshot = SHO_ACTIVE;
 120:tmk_core/common/action_util.c ****     }
 121:tmk_core/common/action_util.c ****     if (swap_hands_oneshot == SHO_USED) {
 122:tmk_core/common/action_util.c ****         clear_oneshot_swaphands();
 123:tmk_core/common/action_util.c ****     }
 124:tmk_core/common/action_util.c **** }
 125:tmk_core/common/action_util.c **** 
 126:tmk_core/common/action_util.c **** void use_oneshot_swaphands(void) {
 127:tmk_core/common/action_util.c ****     if (swap_hands_oneshot == SHO_PRESSED) {
 128:tmk_core/common/action_util.c ****         swap_hands_oneshot = SHO_USED;
 129:tmk_core/common/action_util.c ****     }
 130:tmk_core/common/action_util.c ****     if (swap_hands_oneshot == SHO_ACTIVE) {
 131:tmk_core/common/action_util.c ****         clear_oneshot_swaphands();
 132:tmk_core/common/action_util.c ****     }
 133:tmk_core/common/action_util.c **** }
 134:tmk_core/common/action_util.c **** 
 135:tmk_core/common/action_util.c **** void clear_oneshot_swaphands(void) {
 136:tmk_core/common/action_util.c ****     swap_hands_oneshot = SHO_OFF;
 137:tmk_core/common/action_util.c ****     swap_hands         = false;
 138:tmk_core/common/action_util.c **** #        if (defined(ONESHOT_TIMEOUT) && (ONESHOT_TIMEOUT > 0))
 139:tmk_core/common/action_util.c ****     oneshot_swaphands_time = 0;
 140:tmk_core/common/action_util.c **** #        endif
 141:tmk_core/common/action_util.c **** }
 142:tmk_core/common/action_util.c **** 
 143:tmk_core/common/action_util.c **** #    endif
 144:tmk_core/common/action_util.c **** 
 145:tmk_core/common/action_util.c **** /** \brief Set oneshot layer
 146:tmk_core/common/action_util.c ****  *
 147:tmk_core/common/action_util.c ****  * FIXME: needs doc
 148:tmk_core/common/action_util.c ****  */
 149:tmk_core/common/action_util.c **** void set_oneshot_layer(uint8_t layer, uint8_t state) {
 150:tmk_core/common/action_util.c ****     if (!keymap_config.oneshot_disable) {
 151:tmk_core/common/action_util.c ****         oneshot_layer_data = layer << 3 | state;
 152:tmk_core/common/action_util.c ****         layer_on(layer);
 153:tmk_core/common/action_util.c **** #    if (defined(ONESHOT_TIMEOUT) && (ONESHOT_TIMEOUT > 0))
 154:tmk_core/common/action_util.c ****         oneshot_layer_time = timer_read();
 155:tmk_core/common/action_util.c **** #    endif
 156:tmk_core/common/action_util.c ****         oneshot_layer_changed_kb(get_oneshot_layer());
 157:tmk_core/common/action_util.c ****     } else {
 158:tmk_core/common/action_util.c ****         layer_on(layer);
 159:tmk_core/common/action_util.c ****     }
 160:tmk_core/common/action_util.c **** }
 161:tmk_core/common/action_util.c **** /** \brief Reset oneshot layer
 162:tmk_core/common/action_util.c ****  *
 163:tmk_core/common/action_util.c ****  * FIXME: needs doc
 164:tmk_core/common/action_util.c ****  */
 165:tmk_core/common/action_util.c **** void reset_oneshot_layer(void) {
 166:tmk_core/common/action_util.c ****     oneshot_layer_data = 0;
 167:tmk_core/common/action_util.c **** #    if (defined(ONESHOT_TIMEOUT) && (ONESHOT_TIMEOUT > 0))
 168:tmk_core/common/action_util.c ****     oneshot_layer_time = 0;
 169:tmk_core/common/action_util.c **** #    endif
 170:tmk_core/common/action_util.c ****     oneshot_layer_changed_kb(get_oneshot_layer());
 171:tmk_core/common/action_util.c **** }
 172:tmk_core/common/action_util.c **** /** \brief Clear oneshot layer
 173:tmk_core/common/action_util.c ****  *
 174:tmk_core/common/action_util.c ****  * FIXME: needs doc
 175:tmk_core/common/action_util.c ****  */
 176:tmk_core/common/action_util.c **** void clear_oneshot_layer_state(oneshot_fullfillment_t state) {
 177:tmk_core/common/action_util.c ****     uint8_t start_state = oneshot_layer_data;
 178:tmk_core/common/action_util.c ****     oneshot_layer_data &= ~state;
 179:tmk_core/common/action_util.c ****     if ((!get_oneshot_layer_state() && start_state != oneshot_layer_data) || keymap_config.oneshot_
 180:tmk_core/common/action_util.c ****         layer_off(get_oneshot_layer());
 181:tmk_core/common/action_util.c ****         reset_oneshot_layer();
 182:tmk_core/common/action_util.c ****     }
 183:tmk_core/common/action_util.c **** }
 184:tmk_core/common/action_util.c **** /** \brief Is oneshot layer active
 185:tmk_core/common/action_util.c ****  *
 186:tmk_core/common/action_util.c ****  * FIXME: needs doc
 187:tmk_core/common/action_util.c ****  */
 188:tmk_core/common/action_util.c **** bool is_oneshot_layer_active(void) { return get_oneshot_layer_state(); }
 166               		.loc 2 188 36 is_stmt 1 view -0
 167               		.cfi_startproc
 168               	/* prologue: function */
 169               	/* frame size = 0 */
 170               	/* stack size = 0 */
 171               	.L__stack_usage = 0
 172               		.loc 2 188 38 view .LVU25
 173               	.LBB12:
 174               	.LBI12:
  84:tmk_core/common/action_util.c **** inline uint8_t get_oneshot_layer_state(void) { return oneshot_layer_data & 0b111; }
 175               		.loc 2 84 16 view .LVU26
 176               	.LBB13:
  84:tmk_core/common/action_util.c **** inline uint8_t get_oneshot_layer_state(void) { return oneshot_layer_data & 0b111; }
 177               		.loc 2 84 48 view .LVU27
  84:tmk_core/common/action_util.c **** inline uint8_t get_oneshot_layer_state(void) { return oneshot_layer_data & 0b111; }
 178               		.loc 2 84 74 is_stmt 0 view .LVU28
 179 0000 9091 0000 		lds r25,oneshot_layer_data
 180 0004 9770      		andi r25,lo8(7)
 181               	.LBE13:
 182               	.LBE12:
 183               		.loc 2 188 45 view .LVU29
 184 0006 81E0      		ldi r24,lo8(1)
 185 0008 01F4      		brne .L9
 186 000a 80E0      		ldi r24,0
 187               	.L9:
 188               	/* epilogue start */
 189               		.loc 2 188 1 view .LVU30
 190 000c 0895      		ret
 191               		.cfi_endproc
 192               	.LFE18:
 194               		.section	.text.oneshot_set,"ax",@progbits
 195               	.global	oneshot_set
 197               	oneshot_set:
 198               	.LVL7:
 199               	.LFB19:
 189:tmk_core/common/action_util.c **** 
 190:tmk_core/common/action_util.c **** /** \brief set oneshot
 191:tmk_core/common/action_util.c ****  *
 192:tmk_core/common/action_util.c ****  * FIXME: needs doc
 193:tmk_core/common/action_util.c ****  */
 194:tmk_core/common/action_util.c **** void oneshot_set(bool active) {
 200               		.loc 2 194 31 is_stmt 1 view -0
 201               		.cfi_startproc
 202               	/* prologue: function */
 203               	/* frame size = 0 */
 204               	/* stack size = 0 */
 205               	.L__stack_usage = 0
 195:tmk_core/common/action_util.c ****     if (keymap_config.oneshot_disable != active) {
 206               		.loc 2 195 5 view .LVU32
 207               		.loc 2 195 22 is_stmt 0 view .LVU33
 208 0000 9091 0000 		lds r25,keymap_config+1
 209 0004 92FB      		bst r25,2
 210 0006 2227      		clr r18
 211 0008 20F9      		bld r18,0
 212               		.loc 2 195 8 view .LVU34
 213 000a 2817      		cp r18,r24
 214 000c 01F0      		breq .L10
 196:tmk_core/common/action_util.c ****         keymap_config.oneshot_disable = active;
 215               		.loc 2 196 9 is_stmt 1 view .LVU35
 216               		.loc 2 196 39 is_stmt 0 view .LVU36
 217 000e 80FB      		bst r24,0
 218 0010 92F9      		bld r25,2
 219 0012 9093 0000 		sts keymap_config+1,r25
 197:tmk_core/common/action_util.c ****         eeconfig_update_keymap(keymap_config.raw);
 220               		.loc 2 197 9 is_stmt 1 view .LVU37
 221 0016 8091 0000 		lds r24,keymap_config
 222 001a 9091 0000 		lds r25,keymap_config+1
 223               	.LVL8:
 224               		.loc 2 197 9 is_stmt 0 view .LVU38
 225 001e 0C94 0000 		jmp eeconfig_update_keymap
 226               	.LVL9:
 227               	.L10:
 228               	/* epilogue start */
 198:tmk_core/common/action_util.c ****         dprintf("Oneshot: active: %d\n", active);
 199:tmk_core/common/action_util.c ****     }
 200:tmk_core/common/action_util.c **** }
 229               		.loc 2 200 1 view .LVU39
 230 0022 0895      		ret
 231               		.cfi_endproc
 232               	.LFE19:
 234               		.section	.text.oneshot_toggle,"ax",@progbits
 235               	.global	oneshot_toggle
 237               	oneshot_toggle:
 238               	.LFB20:
 201:tmk_core/common/action_util.c **** 
 202:tmk_core/common/action_util.c **** /** \brief toggle oneshot
 203:tmk_core/common/action_util.c ****  *
 204:tmk_core/common/action_util.c ****  * FIXME: needs doc
 205:tmk_core/common/action_util.c ****  */
 206:tmk_core/common/action_util.c **** void oneshot_toggle(void) { oneshot_set(!keymap_config.oneshot_disable); }
 239               		.loc 2 206 27 is_stmt 1 view -0
 240               		.cfi_startproc
 241               	/* prologue: function */
 242               	/* frame size = 0 */
 243               	/* stack size = 0 */
 244               	.L__stack_usage = 0
 245               		.loc 2 206 29 view .LVU41
 246               		.loc 2 206 55 is_stmt 0 view .LVU42
 247 0000 8091 0000 		lds r24,keymap_config+1
 248 0004 82FB      		bst r24,2
 249 0006 8827      		clr r24
 250 0008 80F9      		bld r24,0
 251               		.loc 2 206 29 view .LVU43
 252 000a 91E0      		ldi r25,lo8(1)
 253 000c 8927      		eor r24,r25
 254 000e 0C94 0000 		jmp oneshot_set
 255               	.LVL10:
 256               		.cfi_endproc
 257               	.LFE20:
 259               		.section	.text.oneshot_enable,"ax",@progbits
 260               	.global	oneshot_enable
 262               	oneshot_enable:
 263               	.LFB21:
 207:tmk_core/common/action_util.c **** 
 208:tmk_core/common/action_util.c **** /** \brief enable oneshot
 209:tmk_core/common/action_util.c ****  *
 210:tmk_core/common/action_util.c ****  * FIXME: needs doc
 211:tmk_core/common/action_util.c ****  */
 212:tmk_core/common/action_util.c **** void oneshot_enable(void) { oneshot_set(true); }
 264               		.loc 2 212 27 is_stmt 1 view -0
 265               		.cfi_startproc
 266               	/* prologue: function */
 267               	/* frame size = 0 */
 268               	/* stack size = 0 */
 269               	.L__stack_usage = 0
 270               		.loc 2 212 29 view .LVU45
 271 0000 81E0      		ldi r24,lo8(1)
 272 0002 0C94 0000 		jmp oneshot_set
 273               	.LVL11:
 274               		.cfi_endproc
 275               	.LFE21:
 277               		.section	.text.oneshot_disable,"ax",@progbits
 278               	.global	oneshot_disable
 280               	oneshot_disable:
 281               	.LFB22:
 213:tmk_core/common/action_util.c **** 
 214:tmk_core/common/action_util.c **** /** \brief disable oneshot
 215:tmk_core/common/action_util.c ****  *
 216:tmk_core/common/action_util.c ****  * FIXME: needs doc
 217:tmk_core/common/action_util.c ****  */
 218:tmk_core/common/action_util.c **** void oneshot_disable(void) { oneshot_set(false); }
 282               		.loc 2 218 28 view -0
 283               		.cfi_startproc
 284               	/* prologue: function */
 285               	/* frame size = 0 */
 286               	/* stack size = 0 */
 287               	.L__stack_usage = 0
 288               		.loc 2 218 30 view .LVU47
 289 0000 80E0      		ldi r24,0
 290 0002 0C94 0000 		jmp oneshot_set
 291               	.LVL12:
 292               		.cfi_endproc
 293               	.LFE22:
 295               		.section	.text.is_oneshot_enabled,"ax",@progbits
 296               	.global	is_oneshot_enabled
 298               	is_oneshot_enabled:
 299               	.LFB23:
 219:tmk_core/common/action_util.c **** 
 220:tmk_core/common/action_util.c **** bool is_oneshot_enabled(void) { return keymap_config.oneshot_disable; }
 300               		.loc 2 220 31 view -0
 301               		.cfi_startproc
 302               	/* prologue: function */
 303               	/* frame size = 0 */
 304               	/* stack size = 0 */
 305               	.L__stack_usage = 0
 306               		.loc 2 220 33 view .LVU49
 307               		.loc 2 220 53 is_stmt 0 view .LVU50
 308 0000 8091 0000 		lds r24,keymap_config+1
 309               		.loc 2 220 1 view .LVU51
 310 0004 82FB      		bst r24,2
 311 0006 8827      		clr r24
 312 0008 80F9      		bld r24,0
 313               	/* epilogue start */
 314 000a 0895      		ret
 315               		.cfi_endproc
 316               	.LFE23:
 318               		.section	.text.get_mods,"ax",@progbits
 319               	.global	get_mods
 321               	get_mods:
 322               	.LFB25:
 221:tmk_core/common/action_util.c **** 
 222:tmk_core/common/action_util.c **** #endif
 223:tmk_core/common/action_util.c **** 
 224:tmk_core/common/action_util.c **** /** \brief Send keyboard report
 225:tmk_core/common/action_util.c ****  *
 226:tmk_core/common/action_util.c ****  * FIXME: needs doc
 227:tmk_core/common/action_util.c ****  */
 228:tmk_core/common/action_util.c **** void send_keyboard_report(void) {
 229:tmk_core/common/action_util.c ****     keyboard_report->mods = real_mods;
 230:tmk_core/common/action_util.c ****     keyboard_report->mods |= weak_mods;
 231:tmk_core/common/action_util.c ****     keyboard_report->mods |= macro_mods;
 232:tmk_core/common/action_util.c **** #ifndef NO_ACTION_ONESHOT
 233:tmk_core/common/action_util.c ****     if (oneshot_mods) {
 234:tmk_core/common/action_util.c **** #    if (defined(ONESHOT_TIMEOUT) && (ONESHOT_TIMEOUT > 0))
 235:tmk_core/common/action_util.c ****         if (has_oneshot_mods_timed_out()) {
 236:tmk_core/common/action_util.c ****             dprintf("Oneshot: timeout\n");
 237:tmk_core/common/action_util.c ****             clear_oneshot_mods();
 238:tmk_core/common/action_util.c ****         }
 239:tmk_core/common/action_util.c **** #    endif
 240:tmk_core/common/action_util.c ****         keyboard_report->mods |= oneshot_mods;
 241:tmk_core/common/action_util.c ****         if (has_anykey(keyboard_report)) {
 242:tmk_core/common/action_util.c ****             clear_oneshot_mods();
 243:tmk_core/common/action_util.c ****         }
 244:tmk_core/common/action_util.c ****     }
 245:tmk_core/common/action_util.c **** 
 246:tmk_core/common/action_util.c **** #endif
 247:tmk_core/common/action_util.c ****     host_keyboard_send(keyboard_report);
 248:tmk_core/common/action_util.c **** }
 249:tmk_core/common/action_util.c **** 
 250:tmk_core/common/action_util.c **** /** \brief Get mods
 251:tmk_core/common/action_util.c ****  *
 252:tmk_core/common/action_util.c ****  * FIXME: needs doc
 253:tmk_core/common/action_util.c ****  */
 254:tmk_core/common/action_util.c **** uint8_t get_mods(void) { return real_mods; }
 323               		.loc 2 254 24 is_stmt 1 view -0
 324               		.cfi_startproc
 325               	/* prologue: function */
 326               	/* frame size = 0 */
 327               	/* stack size = 0 */
 328               	.L__stack_usage = 0
 329               		.loc 2 254 26 view .LVU53
 330               		.loc 2 254 1 is_stmt 0 view .LVU54
 331 0000 8091 0000 		lds r24,real_mods
 332               	/* epilogue start */
 333 0004 0895      		ret
 334               		.cfi_endproc
 335               	.LFE25:
 337               		.section	.text.add_mods,"ax",@progbits
 338               	.global	add_mods
 340               	add_mods:
 341               	.LVL13:
 342               	.LFB26:
 255:tmk_core/common/action_util.c **** /** \brief add mods
 256:tmk_core/common/action_util.c ****  *
 257:tmk_core/common/action_util.c ****  * FIXME: needs doc
 258:tmk_core/common/action_util.c ****  */
 259:tmk_core/common/action_util.c **** void add_mods(uint8_t mods) { real_mods |= mods; }
 343               		.loc 2 259 29 is_stmt 1 view -0
 344               		.cfi_startproc
 345               	/* prologue: function */
 346               	/* frame size = 0 */
 347               	/* stack size = 0 */
 348               	.L__stack_usage = 0
 349               		.loc 2 259 31 view .LVU56
 350               		.loc 2 259 41 is_stmt 0 view .LVU57
 351 0000 9091 0000 		lds r25,real_mods
 352 0004 892B      		or r24,r25
 353               	.LVL14:
 354               		.loc 2 259 41 view .LVU58
 355 0006 8093 0000 		sts real_mods,r24
 356               	/* epilogue start */
 357               		.loc 2 259 1 view .LVU59
 358 000a 0895      		ret
 359               		.cfi_endproc
 360               	.LFE26:
 362               		.section	.text.del_mods,"ax",@progbits
 363               	.global	del_mods
 365               	del_mods:
 366               	.LVL15:
 367               	.LFB27:
 260:tmk_core/common/action_util.c **** /** \brief del mods
 261:tmk_core/common/action_util.c ****  *
 262:tmk_core/common/action_util.c ****  * FIXME: needs doc
 263:tmk_core/common/action_util.c ****  */
 264:tmk_core/common/action_util.c **** void del_mods(uint8_t mods) { real_mods &= ~mods; }
 368               		.loc 2 264 29 is_stmt 1 view -0
 369               		.cfi_startproc
 370               	/* prologue: function */
 371               	/* frame size = 0 */
 372               	/* stack size = 0 */
 373               	.L__stack_usage = 0
 374               		.loc 2 264 31 view .LVU61
 375               		.loc 2 264 41 is_stmt 0 view .LVU62
 376 0000 8095      		com r24
 377               	.LVL16:
 378               		.loc 2 264 41 view .LVU63
 379 0002 9091 0000 		lds r25,real_mods
 380 0006 9823      		and r25,r24
 381 0008 9093 0000 		sts real_mods,r25
 382               	/* epilogue start */
 383               		.loc 2 264 1 view .LVU64
 384 000c 0895      		ret
 385               		.cfi_endproc
 386               	.LFE27:
 388               		.section	.text.set_mods,"ax",@progbits
 389               	.global	set_mods
 391               	set_mods:
 392               	.LVL17:
 393               	.LFB28:
 265:tmk_core/common/action_util.c **** /** \brief set mods
 266:tmk_core/common/action_util.c ****  *
 267:tmk_core/common/action_util.c ****  * FIXME: needs doc
 268:tmk_core/common/action_util.c ****  */
 269:tmk_core/common/action_util.c **** void set_mods(uint8_t mods) { real_mods = mods; }
 394               		.loc 2 269 29 is_stmt 1 view -0
 395               		.cfi_startproc
 396               	/* prologue: function */
 397               	/* frame size = 0 */
 398               	/* stack size = 0 */
 399               	.L__stack_usage = 0
 400               		.loc 2 269 31 view .LVU66
 401               		.loc 2 269 41 is_stmt 0 view .LVU67
 402 0000 8093 0000 		sts real_mods,r24
 403               	/* epilogue start */
 404               		.loc 2 269 1 view .LVU68
 405 0004 0895      		ret
 406               		.cfi_endproc
 407               	.LFE28:
 409               		.section	.text.clear_mods,"ax",@progbits
 410               	.global	clear_mods
 412               	clear_mods:
 413               	.LFB29:
 270:tmk_core/common/action_util.c **** /** \brief clear mods
 271:tmk_core/common/action_util.c ****  *
 272:tmk_core/common/action_util.c ****  * FIXME: needs doc
 273:tmk_core/common/action_util.c ****  */
 274:tmk_core/common/action_util.c **** void clear_mods(void) { real_mods = 0; }
 414               		.loc 2 274 23 is_stmt 1 view -0
 415               		.cfi_startproc
 416               	/* prologue: function */
 417               	/* frame size = 0 */
 418               	/* stack size = 0 */
 419               	.L__stack_usage = 0
 420               		.loc 2 274 25 view .LVU70
 421               		.loc 2 274 35 is_stmt 0 view .LVU71
 422 0000 1092 0000 		sts real_mods,__zero_reg__
 423               	/* epilogue start */
 424               		.loc 2 274 1 view .LVU72
 425 0004 0895      		ret
 426               		.cfi_endproc
 427               	.LFE29:
 429               		.section	.text.get_weak_mods,"ax",@progbits
 430               	.global	get_weak_mods
 432               	get_weak_mods:
 433               	.LFB30:
 275:tmk_core/common/action_util.c **** 
 276:tmk_core/common/action_util.c **** /** \brief get weak mods
 277:tmk_core/common/action_util.c ****  *
 278:tmk_core/common/action_util.c ****  * FIXME: needs doc
 279:tmk_core/common/action_util.c ****  */
 280:tmk_core/common/action_util.c **** uint8_t get_weak_mods(void) { return weak_mods; }
 434               		.loc 2 280 29 is_stmt 1 view -0
 435               		.cfi_startproc
 436               	/* prologue: function */
 437               	/* frame size = 0 */
 438               	/* stack size = 0 */
 439               	.L__stack_usage = 0
 440               		.loc 2 280 31 view .LVU74
 441               		.loc 2 280 1 is_stmt 0 view .LVU75
 442 0000 8091 0000 		lds r24,weak_mods
 443               	/* epilogue start */
 444 0004 0895      		ret
 445               		.cfi_endproc
 446               	.LFE30:
 448               		.section	.text.add_weak_mods,"ax",@progbits
 449               	.global	add_weak_mods
 451               	add_weak_mods:
 452               	.LVL18:
 453               	.LFB31:
 281:tmk_core/common/action_util.c **** /** \brief add weak mods
 282:tmk_core/common/action_util.c ****  *
 283:tmk_core/common/action_util.c ****  * FIXME: needs doc
 284:tmk_core/common/action_util.c ****  */
 285:tmk_core/common/action_util.c **** void add_weak_mods(uint8_t mods) { weak_mods |= mods; }
 454               		.loc 2 285 34 is_stmt 1 view -0
 455               		.cfi_startproc
 456               	/* prologue: function */
 457               	/* frame size = 0 */
 458               	/* stack size = 0 */
 459               	.L__stack_usage = 0
 460               		.loc 2 285 36 view .LVU77
 461               		.loc 2 285 46 is_stmt 0 view .LVU78
 462 0000 9091 0000 		lds r25,weak_mods
 463 0004 892B      		or r24,r25
 464               	.LVL19:
 465               		.loc 2 285 46 view .LVU79
 466 0006 8093 0000 		sts weak_mods,r24
 467               	/* epilogue start */
 468               		.loc 2 285 1 view .LVU80
 469 000a 0895      		ret
 470               		.cfi_endproc
 471               	.LFE31:
 473               		.section	.text.del_weak_mods,"ax",@progbits
 474               	.global	del_weak_mods
 476               	del_weak_mods:
 477               	.LVL20:
 478               	.LFB32:
 286:tmk_core/common/action_util.c **** /** \brief del weak mods
 287:tmk_core/common/action_util.c ****  *
 288:tmk_core/common/action_util.c ****  * FIXME: needs doc
 289:tmk_core/common/action_util.c ****  */
 290:tmk_core/common/action_util.c **** void del_weak_mods(uint8_t mods) { weak_mods &= ~mods; }
 479               		.loc 2 290 34 is_stmt 1 view -0
 480               		.cfi_startproc
 481               	/* prologue: function */
 482               	/* frame size = 0 */
 483               	/* stack size = 0 */
 484               	.L__stack_usage = 0
 485               		.loc 2 290 36 view .LVU82
 486               		.loc 2 290 46 is_stmt 0 view .LVU83
 487 0000 8095      		com r24
 488               	.LVL21:
 489               		.loc 2 290 46 view .LVU84
 490 0002 9091 0000 		lds r25,weak_mods
 491 0006 9823      		and r25,r24
 492 0008 9093 0000 		sts weak_mods,r25
 493               	/* epilogue start */
 494               		.loc 2 290 1 view .LVU85
 495 000c 0895      		ret
 496               		.cfi_endproc
 497               	.LFE32:
 499               		.section	.text.set_weak_mods,"ax",@progbits
 500               	.global	set_weak_mods
 502               	set_weak_mods:
 503               	.LVL22:
 504               	.LFB33:
 291:tmk_core/common/action_util.c **** /** \brief set weak mods
 292:tmk_core/common/action_util.c ****  *
 293:tmk_core/common/action_util.c ****  * FIXME: needs doc
 294:tmk_core/common/action_util.c ****  */
 295:tmk_core/common/action_util.c **** void set_weak_mods(uint8_t mods) { weak_mods = mods; }
 505               		.loc 2 295 34 is_stmt 1 view -0
 506               		.cfi_startproc
 507               	/* prologue: function */
 508               	/* frame size = 0 */
 509               	/* stack size = 0 */
 510               	.L__stack_usage = 0
 511               		.loc 2 295 36 view .LVU87
 512               		.loc 2 295 46 is_stmt 0 view .LVU88
 513 0000 8093 0000 		sts weak_mods,r24
 514               	/* epilogue start */
 515               		.loc 2 295 1 view .LVU89
 516 0004 0895      		ret
 517               		.cfi_endproc
 518               	.LFE33:
 520               		.section	.text.clear_weak_mods,"ax",@progbits
 521               	.global	clear_weak_mods
 523               	clear_weak_mods:
 524               	.LFB34:
 296:tmk_core/common/action_util.c **** /** \brief clear weak mods
 297:tmk_core/common/action_util.c ****  *
 298:tmk_core/common/action_util.c ****  * FIXME: needs doc
 299:tmk_core/common/action_util.c ****  */
 300:tmk_core/common/action_util.c **** void clear_weak_mods(void) { weak_mods = 0; }
 525               		.loc 2 300 28 is_stmt 1 view -0
 526               		.cfi_startproc
 527               	/* prologue: function */
 528               	/* frame size = 0 */
 529               	/* stack size = 0 */
 530               	.L__stack_usage = 0
 531               		.loc 2 300 30 view .LVU91
 532               		.loc 2 300 40 is_stmt 0 view .LVU92
 533 0000 1092 0000 		sts weak_mods,__zero_reg__
 534               	/* epilogue start */
 535               		.loc 2 300 1 view .LVU93
 536 0004 0895      		ret
 537               		.cfi_endproc
 538               	.LFE34:
 540               		.section	.text.get_macro_mods,"ax",@progbits
 541               	.global	get_macro_mods
 543               	get_macro_mods:
 544               	.LFB35:
 301:tmk_core/common/action_util.c **** 
 302:tmk_core/common/action_util.c **** /* macro modifier */
 303:tmk_core/common/action_util.c **** /** \brief get macro mods
 304:tmk_core/common/action_util.c ****  *
 305:tmk_core/common/action_util.c ****  * FIXME: needs doc
 306:tmk_core/common/action_util.c ****  */
 307:tmk_core/common/action_util.c **** uint8_t get_macro_mods(void) { return macro_mods; }
 545               		.loc 2 307 30 is_stmt 1 view -0
 546               		.cfi_startproc
 547               	/* prologue: function */
 548               	/* frame size = 0 */
 549               	/* stack size = 0 */
 550               	.L__stack_usage = 0
 551               		.loc 2 307 32 view .LVU95
 552               		.loc 2 307 1 is_stmt 0 view .LVU96
 553 0000 8091 0000 		lds r24,macro_mods
 554               	/* epilogue start */
 555 0004 0895      		ret
 556               		.cfi_endproc
 557               	.LFE35:
 559               		.section	.text.add_macro_mods,"ax",@progbits
 560               	.global	add_macro_mods
 562               	add_macro_mods:
 563               	.LVL23:
 564               	.LFB36:
 308:tmk_core/common/action_util.c **** /** \brief add macro mods
 309:tmk_core/common/action_util.c ****  *
 310:tmk_core/common/action_util.c ****  * FIXME: needs doc
 311:tmk_core/common/action_util.c ****  */
 312:tmk_core/common/action_util.c **** void add_macro_mods(uint8_t mods) { macro_mods |= mods; }
 565               		.loc 2 312 35 is_stmt 1 view -0
 566               		.cfi_startproc
 567               	/* prologue: function */
 568               	/* frame size = 0 */
 569               	/* stack size = 0 */
 570               	.L__stack_usage = 0
 571               		.loc 2 312 37 view .LVU98
 572               		.loc 2 312 48 is_stmt 0 view .LVU99
 573 0000 9091 0000 		lds r25,macro_mods
 574 0004 892B      		or r24,r25
 575               	.LVL24:
 576               		.loc 2 312 48 view .LVU100
 577 0006 8093 0000 		sts macro_mods,r24
 578               	/* epilogue start */
 579               		.loc 2 312 1 view .LVU101
 580 000a 0895      		ret
 581               		.cfi_endproc
 582               	.LFE36:
 584               		.section	.text.del_macro_mods,"ax",@progbits
 585               	.global	del_macro_mods
 587               	del_macro_mods:
 588               	.LVL25:
 589               	.LFB37:
 313:tmk_core/common/action_util.c **** /** \brief del macro mods
 314:tmk_core/common/action_util.c ****  *
 315:tmk_core/common/action_util.c ****  * FIXME: needs doc
 316:tmk_core/common/action_util.c ****  */
 317:tmk_core/common/action_util.c **** void del_macro_mods(uint8_t mods) { macro_mods &= ~mods; }
 590               		.loc 2 317 35 is_stmt 1 view -0
 591               		.cfi_startproc
 592               	/* prologue: function */
 593               	/* frame size = 0 */
 594               	/* stack size = 0 */
 595               	.L__stack_usage = 0
 596               		.loc 2 317 37 view .LVU103
 597               		.loc 2 317 48 is_stmt 0 view .LVU104
 598 0000 8095      		com r24
 599               	.LVL26:
 600               		.loc 2 317 48 view .LVU105
 601 0002 9091 0000 		lds r25,macro_mods
 602 0006 9823      		and r25,r24
 603 0008 9093 0000 		sts macro_mods,r25
 604               	/* epilogue start */
 605               		.loc 2 317 1 view .LVU106
 606 000c 0895      		ret
 607               		.cfi_endproc
 608               	.LFE37:
 610               		.section	.text.set_macro_mods,"ax",@progbits
 611               	.global	set_macro_mods
 613               	set_macro_mods:
 614               	.LVL27:
 615               	.LFB38:
 318:tmk_core/common/action_util.c **** /** \brief set macro mods
 319:tmk_core/common/action_util.c ****  *
 320:tmk_core/common/action_util.c ****  * FIXME: needs doc
 321:tmk_core/common/action_util.c ****  */
 322:tmk_core/common/action_util.c **** void set_macro_mods(uint8_t mods) { macro_mods = mods; }
 616               		.loc 2 322 35 is_stmt 1 view -0
 617               		.cfi_startproc
 618               	/* prologue: function */
 619               	/* frame size = 0 */
 620               	/* stack size = 0 */
 621               	.L__stack_usage = 0
 622               		.loc 2 322 37 view .LVU108
 623               		.loc 2 322 48 is_stmt 0 view .LVU109
 624 0000 8093 0000 		sts macro_mods,r24
 625               	/* epilogue start */
 626               		.loc 2 322 1 view .LVU110
 627 0004 0895      		ret
 628               		.cfi_endproc
 629               	.LFE38:
 631               		.section	.text.clear_macro_mods,"ax",@progbits
 632               	.global	clear_macro_mods
 634               	clear_macro_mods:
 635               	.LFB39:
 323:tmk_core/common/action_util.c **** /** \brief clear macro mods
 324:tmk_core/common/action_util.c ****  *
 325:tmk_core/common/action_util.c ****  * FIXME: needs doc
 326:tmk_core/common/action_util.c ****  */
 327:tmk_core/common/action_util.c **** void clear_macro_mods(void) { macro_mods = 0; }
 636               		.loc 2 327 29 is_stmt 1 view -0
 637               		.cfi_startproc
 638               	/* prologue: function */
 639               	/* frame size = 0 */
 640               	/* stack size = 0 */
 641               	.L__stack_usage = 0
 642               		.loc 2 327 31 view .LVU112
 643               		.loc 2 327 42 is_stmt 0 view .LVU113
 644 0000 1092 0000 		sts macro_mods,__zero_reg__
 645               	/* epilogue start */
 646               		.loc 2 327 1 view .LVU114
 647 0004 0895      		ret
 648               		.cfi_endproc
 649               	.LFE39:
 651               		.section	.text.get_oneshot_mods,"ax",@progbits
 652               	.global	get_oneshot_mods
 654               	get_oneshot_mods:
 655               	.LFB40:
 328:tmk_core/common/action_util.c **** 
 329:tmk_core/common/action_util.c **** #ifndef NO_ACTION_ONESHOT
 330:tmk_core/common/action_util.c **** /** \brief get oneshot mods
 331:tmk_core/common/action_util.c ****  *
 332:tmk_core/common/action_util.c ****  * FIXME: needs doc
 333:tmk_core/common/action_util.c ****  */
 334:tmk_core/common/action_util.c **** uint8_t get_oneshot_mods(void) { return oneshot_mods; }
 656               		.loc 2 334 32 is_stmt 1 view -0
 657               		.cfi_startproc
 658               	/* prologue: function */
 659               	/* frame size = 0 */
 660               	/* stack size = 0 */
 661               	.L__stack_usage = 0
 662               		.loc 2 334 34 view .LVU116
 663               		.loc 2 334 1 is_stmt 0 view .LVU117
 664 0000 8091 0000 		lds r24,oneshot_mods
 665               	/* epilogue start */
 666 0004 0895      		ret
 667               		.cfi_endproc
 668               	.LFE40:
 670               		.section	.text.oneshot_locked_mods_changed_user,"ax",@progbits
 671               		.weak	oneshot_locked_mods_changed_user
 673               	oneshot_locked_mods_changed_user:
 674               	.LVL28:
 675               	.LFB45:
 335:tmk_core/common/action_util.c **** 
 336:tmk_core/common/action_util.c **** void add_oneshot_mods(uint8_t mods) {
 337:tmk_core/common/action_util.c ****     if ((oneshot_mods & mods) != mods) {
 338:tmk_core/common/action_util.c **** #    if (defined(ONESHOT_TIMEOUT) && (ONESHOT_TIMEOUT > 0))
 339:tmk_core/common/action_util.c ****         oneshot_time = timer_read();
 340:tmk_core/common/action_util.c **** #    endif
 341:tmk_core/common/action_util.c ****         oneshot_mods |= mods;
 342:tmk_core/common/action_util.c ****         oneshot_mods_changed_kb(mods);
 343:tmk_core/common/action_util.c ****     }
 344:tmk_core/common/action_util.c **** }
 345:tmk_core/common/action_util.c **** 
 346:tmk_core/common/action_util.c **** void del_oneshot_mods(uint8_t mods) {
 347:tmk_core/common/action_util.c ****     if (oneshot_mods & mods) {
 348:tmk_core/common/action_util.c ****         oneshot_mods &= ~mods;
 349:tmk_core/common/action_util.c **** #    if (defined(ONESHOT_TIMEOUT) && (ONESHOT_TIMEOUT > 0))
 350:tmk_core/common/action_util.c ****         oneshot_time = oneshot_mods ? timer_read() : 0;
 351:tmk_core/common/action_util.c **** #    endif
 352:tmk_core/common/action_util.c ****         oneshot_mods_changed_kb(oneshot_mods);
 353:tmk_core/common/action_util.c ****     }
 354:tmk_core/common/action_util.c **** }
 355:tmk_core/common/action_util.c **** 
 356:tmk_core/common/action_util.c **** /** \brief set oneshot mods
 357:tmk_core/common/action_util.c ****  *
 358:tmk_core/common/action_util.c ****  * FIXME: needs doc
 359:tmk_core/common/action_util.c ****  */
 360:tmk_core/common/action_util.c **** void set_oneshot_mods(uint8_t mods) {
 361:tmk_core/common/action_util.c ****     if (!keymap_config.oneshot_disable) {
 362:tmk_core/common/action_util.c ****         if (oneshot_mods != mods) {
 363:tmk_core/common/action_util.c **** #    if (defined(ONESHOT_TIMEOUT) && (ONESHOT_TIMEOUT > 0))
 364:tmk_core/common/action_util.c ****             oneshot_time = timer_read();
 365:tmk_core/common/action_util.c **** #    endif
 366:tmk_core/common/action_util.c ****             oneshot_mods = mods;
 367:tmk_core/common/action_util.c ****             oneshot_mods_changed_kb(mods);
 368:tmk_core/common/action_util.c ****         }
 369:tmk_core/common/action_util.c ****     }
 370:tmk_core/common/action_util.c **** }
 371:tmk_core/common/action_util.c **** 
 372:tmk_core/common/action_util.c **** /** \brief clear oneshot mods
 373:tmk_core/common/action_util.c ****  *
 374:tmk_core/common/action_util.c ****  * FIXME: needs doc
 375:tmk_core/common/action_util.c ****  */
 376:tmk_core/common/action_util.c **** void clear_oneshot_mods(void) {
 377:tmk_core/common/action_util.c ****     if (oneshot_mods) {
 378:tmk_core/common/action_util.c ****         oneshot_mods = 0;
 379:tmk_core/common/action_util.c **** #    if (defined(ONESHOT_TIMEOUT) && (ONESHOT_TIMEOUT > 0))
 380:tmk_core/common/action_util.c ****         oneshot_time = 0;
 381:tmk_core/common/action_util.c **** #    endif
 382:tmk_core/common/action_util.c ****         oneshot_mods_changed_kb(oneshot_mods);
 383:tmk_core/common/action_util.c ****     }
 384:tmk_core/common/action_util.c **** }
 385:tmk_core/common/action_util.c **** #endif
 386:tmk_core/common/action_util.c **** 
 387:tmk_core/common/action_util.c **** /** \brief Called when the one shot modifiers have been changed.
 388:tmk_core/common/action_util.c ****  *
 389:tmk_core/common/action_util.c ****  * \param mods Contains the active modifiers active after the change.
 390:tmk_core/common/action_util.c ****  */
 391:tmk_core/common/action_util.c **** __attribute__((weak)) void oneshot_locked_mods_changed_user(uint8_t mods) {}
 676               		.loc 2 391 75 is_stmt 1 view -0
 677               		.cfi_startproc
 678               	/* prologue: function */
 679               	/* frame size = 0 */
 680               	/* stack size = 0 */
 681               	.L__stack_usage = 0
 682               		.loc 2 391 76 view .LVU119
 683               	/* epilogue start */
 684               		.loc 2 391 1 is_stmt 0 view .LVU120
 685 0000 0895      		ret
 686               		.cfi_endproc
 687               	.LFE45:
 689               		.set	oneshot_locked_mods_changed_user.localalias.0,oneshot_locked_mods_changed_user
 690               		.section	.text.oneshot_locked_mods_changed_kb,"ax",@progbits
 691               		.weak	oneshot_locked_mods_changed_kb
 693               	oneshot_locked_mods_changed_kb:
 694               	.LVL29:
 695               	.LFB46:
 392:tmk_core/common/action_util.c **** 
 393:tmk_core/common/action_util.c **** /** \brief Called when the locked one shot modifiers have been changed.
 394:tmk_core/common/action_util.c ****  *
 395:tmk_core/common/action_util.c ****  * \param mods Contains the active modifiers active after the change.
 396:tmk_core/common/action_util.c ****  */
 397:tmk_core/common/action_util.c **** __attribute__((weak)) void oneshot_locked_mods_changed_kb(uint8_t mods) { oneshot_locked_mods_chang
 696               		.loc 2 397 73 is_stmt 1 view -0
 697               		.cfi_startproc
 698               	/* prologue: function */
 699               	/* frame size = 0 */
 700               	/* stack size = 0 */
 701               	.L__stack_usage = 0
 702               		.loc 2 397 75 view .LVU122
 703 0000 0C94 0000 		jmp oneshot_locked_mods_changed_user
 704               	.LVL30:
 705               		.loc 2 397 75 is_stmt 0 view .LVU123
 706               		.cfi_endproc
 707               	.LFE46:
 709               		.section	.text.set_oneshot_locked_mods,"ax",@progbits
 710               	.global	set_oneshot_locked_mods
 712               	set_oneshot_locked_mods:
 713               	.LVL31:
 714               	.LFB10:
  53:tmk_core/common/action_util.c ****     if (mods != oneshot_locked_mods) {
 715               		.loc 2 53 54 is_stmt 1 view -0
 716               		.cfi_startproc
 717               	/* prologue: function */
 718               	/* frame size = 0 */
 719               	/* stack size = 0 */
 720               	.L__stack_usage = 0
  54:tmk_core/common/action_util.c ****         oneshot_locked_mods = mods;
 721               		.loc 2 54 5 view .LVU125
  54:tmk_core/common/action_util.c ****         oneshot_locked_mods = mods;
 722               		.loc 2 54 8 is_stmt 0 view .LVU126
 723 0000 9091 0000 		lds r25,oneshot_locked_mods
 724 0004 9817      		cp r25,r24
 725 0006 01F0      		breq .L34
  55:tmk_core/common/action_util.c ****         oneshot_locked_mods_changed_kb(oneshot_locked_mods);
 726               		.loc 2 55 9 is_stmt 1 view .LVU127
  55:tmk_core/common/action_util.c ****         oneshot_locked_mods_changed_kb(oneshot_locked_mods);
 727               		.loc 2 55 29 is_stmt 0 view .LVU128
 728 0008 8093 0000 		sts oneshot_locked_mods,r24
  56:tmk_core/common/action_util.c ****     }
 729               		.loc 2 56 9 is_stmt 1 view .LVU129
 730 000c 0C94 0000 		jmp oneshot_locked_mods_changed_kb
 731               	.LVL32:
 732               	.L34:
 733               	/* epilogue start */
  58:tmk_core/common/action_util.c **** void clear_oneshot_locked_mods(void) {
 734               		.loc 2 58 1 is_stmt 0 view .LVU130
 735 0010 0895      		ret
 736               		.cfi_endproc
 737               	.LFE10:
 739               		.section	.text.clear_oneshot_locked_mods,"ax",@progbits
 740               	.global	clear_oneshot_locked_mods
 742               	clear_oneshot_locked_mods:
 743               	.LFB11:
  59:tmk_core/common/action_util.c ****     if (oneshot_locked_mods) {
 744               		.loc 2 59 38 is_stmt 1 view -0
 745               		.cfi_startproc
 746               	/* prologue: function */
 747               	/* frame size = 0 */
 748               	/* stack size = 0 */
 749               	.L__stack_usage = 0
  60:tmk_core/common/action_util.c ****         oneshot_locked_mods = 0;
 750               		.loc 2 60 5 view .LVU132
  60:tmk_core/common/action_util.c ****         oneshot_locked_mods = 0;
 751               		.loc 2 60 8 is_stmt 0 view .LVU133
 752 0000 8091 0000 		lds r24,oneshot_locked_mods
 753 0004 8823      		tst r24
 754 0006 01F0      		breq .L36
  61:tmk_core/common/action_util.c ****         oneshot_locked_mods_changed_kb(oneshot_locked_mods);
 755               		.loc 2 61 9 is_stmt 1 view .LVU134
  61:tmk_core/common/action_util.c ****         oneshot_locked_mods_changed_kb(oneshot_locked_mods);
 756               		.loc 2 61 29 is_stmt 0 view .LVU135
 757 0008 1092 0000 		sts oneshot_locked_mods,__zero_reg__
  62:tmk_core/common/action_util.c ****     }
 758               		.loc 2 62 9 is_stmt 1 view .LVU136
 759 000c 80E0      		ldi r24,0
 760 000e 0C94 0000 		jmp oneshot_locked_mods_changed_kb
 761               	.LVL33:
 762               	.L36:
 763               	/* epilogue start */
  64:tmk_core/common/action_util.c **** #    if (defined(ONESHOT_TIMEOUT) && (ONESHOT_TIMEOUT > 0))
 764               		.loc 2 64 1 is_stmt 0 view .LVU137
 765 0012 0895      		ret
 766               		.cfi_endproc
 767               	.LFE11:
 769               		.section	.text.oneshot_mods_changed_user,"ax",@progbits
 770               		.weak	oneshot_mods_changed_user
 772               	oneshot_mods_changed_user:
 773               	.LFB53:
 774               		.cfi_startproc
 775               	/* prologue: function */
 776               	/* frame size = 0 */
 777               	/* stack size = 0 */
 778               	.L__stack_usage = 0
 779               	/* epilogue start */
 780 0000 0895      		ret
 781               		.cfi_endproc
 782               	.LFE53:
 784               		.section	.text.oneshot_mods_changed_kb,"ax",@progbits
 785               		.weak	oneshot_mods_changed_kb
 787               	oneshot_mods_changed_kb:
 788               	.LVL34:
 789               	.LFB48:
 398:tmk_core/common/action_util.c **** 
 399:tmk_core/common/action_util.c **** /** \brief Called when the one shot modifiers have been changed.
 400:tmk_core/common/action_util.c ****  *
 401:tmk_core/common/action_util.c ****  * \param mods Contains the active modifiers active after the change.
 402:tmk_core/common/action_util.c ****  */
 403:tmk_core/common/action_util.c **** __attribute__((weak)) void oneshot_mods_changed_user(uint8_t mods) {}
 404:tmk_core/common/action_util.c **** 
 405:tmk_core/common/action_util.c **** /** \brief Called when the one shot modifiers have been changed.
 406:tmk_core/common/action_util.c ****  *
 407:tmk_core/common/action_util.c ****  * \param mods Contains the active modifiers active after the change.
 408:tmk_core/common/action_util.c ****  */
 409:tmk_core/common/action_util.c **** __attribute__((weak)) void oneshot_mods_changed_kb(uint8_t mods) { oneshot_mods_changed_user(mods);
 790               		.loc 2 409 66 is_stmt 1 view -0
 791               		.cfi_startproc
 792               	/* prologue: function */
 793               	/* frame size = 0 */
 794               	/* stack size = 0 */
 795               	.L__stack_usage = 0
 796               		.loc 2 409 68 view .LVU139
 797 0000 0C94 0000 		jmp oneshot_mods_changed_user
 798               	.LVL35:
 799               		.loc 2 409 68 is_stmt 0 view .LVU140
 800               		.cfi_endproc
 801               	.LFE48:
 803               		.section	.text.add_oneshot_mods,"ax",@progbits
 804               	.global	add_oneshot_mods
 806               	add_oneshot_mods:
 807               	.LVL36:
 808               	.LFB41:
 336:tmk_core/common/action_util.c ****     if ((oneshot_mods & mods) != mods) {
 809               		.loc 2 336 37 is_stmt 1 view -0
 810               		.cfi_startproc
 811               	/* prologue: function */
 812               	/* frame size = 0 */
 813               	/* stack size = 0 */
 814               	.L__stack_usage = 0
 337:tmk_core/common/action_util.c **** #    if (defined(ONESHOT_TIMEOUT) && (ONESHOT_TIMEOUT > 0))
 815               		.loc 2 337 5 view .LVU142
 337:tmk_core/common/action_util.c **** #    if (defined(ONESHOT_TIMEOUT) && (ONESHOT_TIMEOUT > 0))
 816               		.loc 2 337 31 is_stmt 0 view .LVU143
 817 0000 9091 0000 		lds r25,oneshot_mods
 818 0004 292F      		mov r18,r25
 819 0006 2823      		and r18,r24
 337:tmk_core/common/action_util.c **** #    if (defined(ONESHOT_TIMEOUT) && (ONESHOT_TIMEOUT > 0))
 820               		.loc 2 337 8 view .LVU144
 821 0008 2817      		cp r18,r24
 822 000a 01F0      		breq .L40
 341:tmk_core/common/action_util.c ****         oneshot_mods_changed_kb(mods);
 823               		.loc 2 341 9 is_stmt 1 view .LVU145
 341:tmk_core/common/action_util.c ****         oneshot_mods_changed_kb(mods);
 824               		.loc 2 341 22 is_stmt 0 view .LVU146
 825 000c 982B      		or r25,r24
 826 000e 9093 0000 		sts oneshot_mods,r25
 342:tmk_core/common/action_util.c ****     }
 827               		.loc 2 342 9 is_stmt 1 view .LVU147
 828 0012 0C94 0000 		jmp oneshot_mods_changed_kb
 829               	.LVL37:
 830               	.L40:
 831               	/* epilogue start */
 344:tmk_core/common/action_util.c **** 
 832               		.loc 2 344 1 is_stmt 0 view .LVU148
 833 0016 0895      		ret
 834               		.cfi_endproc
 835               	.LFE41:
 837               		.section	.text.del_oneshot_mods,"ax",@progbits
 838               	.global	del_oneshot_mods
 840               	del_oneshot_mods:
 841               	.LVL38:
 842               	.LFB42:
 346:tmk_core/common/action_util.c ****     if (oneshot_mods & mods) {
 843               		.loc 2 346 37 is_stmt 1 view -0
 844               		.cfi_startproc
 845               	/* prologue: function */
 846               	/* frame size = 0 */
 847               	/* stack size = 0 */
 848               	.L__stack_usage = 0
 347:tmk_core/common/action_util.c ****         oneshot_mods &= ~mods;
 849               		.loc 2 347 5 view .LVU150
 347:tmk_core/common/action_util.c ****         oneshot_mods &= ~mods;
 850               		.loc 2 347 9 is_stmt 0 view .LVU151
 851 0000 9091 0000 		lds r25,oneshot_mods
 852 0004 292F      		mov r18,r25
 853 0006 2823      		and r18,r24
 347:tmk_core/common/action_util.c ****         oneshot_mods &= ~mods;
 854               		.loc 2 347 8 view .LVU152
 855 0008 01F0      		breq .L42
 348:tmk_core/common/action_util.c **** #    if (defined(ONESHOT_TIMEOUT) && (ONESHOT_TIMEOUT > 0))
 856               		.loc 2 348 9 is_stmt 1 view .LVU153
 348:tmk_core/common/action_util.c **** #    if (defined(ONESHOT_TIMEOUT) && (ONESHOT_TIMEOUT > 0))
 857               		.loc 2 348 22 is_stmt 0 view .LVU154
 858 000a 8095      		com r24
 859               	.LVL39:
 348:tmk_core/common/action_util.c **** #    if (defined(ONESHOT_TIMEOUT) && (ONESHOT_TIMEOUT > 0))
 860               		.loc 2 348 22 view .LVU155
 861 000c 8923      		and r24,r25
 862               	.LVL40:
 348:tmk_core/common/action_util.c **** #    if (defined(ONESHOT_TIMEOUT) && (ONESHOT_TIMEOUT > 0))
 863               		.loc 2 348 22 view .LVU156
 864 000e 8093 0000 		sts oneshot_mods,r24
 352:tmk_core/common/action_util.c ****     }
 865               		.loc 2 352 9 is_stmt 1 view .LVU157
 866 0012 0C94 0000 		jmp oneshot_mods_changed_kb
 867               	.LVL41:
 868               	.L42:
 869               	/* epilogue start */
 354:tmk_core/common/action_util.c **** 
 870               		.loc 2 354 1 is_stmt 0 view .LVU158
 871 0016 0895      		ret
 872               		.cfi_endproc
 873               	.LFE42:
 875               		.section	.text.set_oneshot_mods,"ax",@progbits
 876               	.global	set_oneshot_mods
 878               	set_oneshot_mods:
 879               	.LVL42:
 880               	.LFB43:
 360:tmk_core/common/action_util.c ****     if (!keymap_config.oneshot_disable) {
 881               		.loc 2 360 37 is_stmt 1 view -0
 882               		.cfi_startproc
 883               	/* prologue: function */
 884               	/* frame size = 0 */
 885               	/* stack size = 0 */
 886               	.L__stack_usage = 0
 361:tmk_core/common/action_util.c ****         if (oneshot_mods != mods) {
 887               		.loc 2 361 5 view .LVU160
 361:tmk_core/common/action_util.c ****         if (oneshot_mods != mods) {
 888               		.loc 2 361 23 is_stmt 0 view .LVU161
 889 0000 9091 0000 		lds r25,keymap_config+1
 361:tmk_core/common/action_util.c ****         if (oneshot_mods != mods) {
 890               		.loc 2 361 8 view .LVU162
 891 0004 92FD      		sbrc r25,2
 892 0006 00C0      		rjmp .L44
 362:tmk_core/common/action_util.c **** #    if (defined(ONESHOT_TIMEOUT) && (ONESHOT_TIMEOUT > 0))
 893               		.loc 2 362 9 is_stmt 1 view .LVU163
 362:tmk_core/common/action_util.c **** #    if (defined(ONESHOT_TIMEOUT) && (ONESHOT_TIMEOUT > 0))
 894               		.loc 2 362 12 is_stmt 0 view .LVU164
 895 0008 9091 0000 		lds r25,oneshot_mods
 896 000c 9817      		cp r25,r24
 897 000e 01F0      		breq .L44
 366:tmk_core/common/action_util.c ****             oneshot_mods_changed_kb(mods);
 898               		.loc 2 366 13 is_stmt 1 view .LVU165
 366:tmk_core/common/action_util.c ****             oneshot_mods_changed_kb(mods);
 899               		.loc 2 366 26 is_stmt 0 view .LVU166
 900 0010 8093 0000 		sts oneshot_mods,r24
 367:tmk_core/common/action_util.c ****         }
 901               		.loc 2 367 13 is_stmt 1 view .LVU167
 902 0014 0C94 0000 		jmp oneshot_mods_changed_kb
 903               	.LVL43:
 904               	.L44:
 905               	/* epilogue start */
 370:tmk_core/common/action_util.c **** 
 906               		.loc 2 370 1 is_stmt 0 view .LVU168
 907 0018 0895      		ret
 908               		.cfi_endproc
 909               	.LFE43:
 911               		.section	.text.clear_oneshot_mods,"ax",@progbits
 912               	.global	clear_oneshot_mods
 914               	clear_oneshot_mods:
 915               	.LFB44:
 376:tmk_core/common/action_util.c ****     if (oneshot_mods) {
 916               		.loc 2 376 31 is_stmt 1 view -0
 917               		.cfi_startproc
 918               	/* prologue: function */
 919               	/* frame size = 0 */
 920               	/* stack size = 0 */
 921               	.L__stack_usage = 0
 377:tmk_core/common/action_util.c ****         oneshot_mods = 0;
 922               		.loc 2 377 5 view .LVU170
 377:tmk_core/common/action_util.c ****         oneshot_mods = 0;
 923               		.loc 2 377 8 is_stmt 0 view .LVU171
 924 0000 8091 0000 		lds r24,oneshot_mods
 925 0004 8823      		tst r24
 926 0006 01F0      		breq .L46
 378:tmk_core/common/action_util.c **** #    if (defined(ONESHOT_TIMEOUT) && (ONESHOT_TIMEOUT > 0))
 927               		.loc 2 378 9 is_stmt 1 view .LVU172
 378:tmk_core/common/action_util.c **** #    if (defined(ONESHOT_TIMEOUT) && (ONESHOT_TIMEOUT > 0))
 928               		.loc 2 378 22 is_stmt 0 view .LVU173
 929 0008 1092 0000 		sts oneshot_mods,__zero_reg__
 382:tmk_core/common/action_util.c ****     }
 930               		.loc 2 382 9 is_stmt 1 view .LVU174
 931 000c 80E0      		ldi r24,0
 932 000e 0C94 0000 		jmp oneshot_mods_changed_kb
 933               	.LVL44:
 934               	.L46:
 935               	/* epilogue start */
 384:tmk_core/common/action_util.c **** #endif
 936               		.loc 2 384 1 is_stmt 0 view .LVU175
 937 0012 0895      		ret
 938               		.cfi_endproc
 939               	.LFE44:
 941               		.section	.text.send_keyboard_report,"ax",@progbits
 942               	.global	send_keyboard_report
 944               	send_keyboard_report:
 945               	.LFB24:
 228:tmk_core/common/action_util.c ****     keyboard_report->mods = real_mods;
 946               		.loc 2 228 33 is_stmt 1 view -0
 947               		.cfi_startproc
 948               	/* prologue: function */
 949               	/* frame size = 0 */
 950               	/* stack size = 0 */
 951               	.L__stack_usage = 0
 229:tmk_core/common/action_util.c ****     keyboard_report->mods |= weak_mods;
 952               		.loc 2 229 5 view .LVU177
 229:tmk_core/common/action_util.c ****     keyboard_report->mods |= weak_mods;
 953               		.loc 2 229 20 is_stmt 0 view .LVU178
 954 0000 E091 0000 		lds r30,keyboard_report
 955 0004 F091 0000 		lds r31,keyboard_report+1
 229:tmk_core/common/action_util.c ****     keyboard_report->mods |= weak_mods;
 956               		.loc 2 229 27 view .LVU179
 957 0008 8091 0000 		lds r24,real_mods
 958 000c 8083      		st Z,r24
 230:tmk_core/common/action_util.c ****     keyboard_report->mods |= macro_mods;
 959               		.loc 2 230 5 is_stmt 1 view .LVU180
 230:tmk_core/common/action_util.c ****     keyboard_report->mods |= macro_mods;
 960               		.loc 2 230 27 is_stmt 0 view .LVU181
 961 000e E091 0000 		lds r30,keyboard_report
 962 0012 F091 0000 		lds r31,keyboard_report+1
 963 0016 8081      		ld r24,Z
 964 0018 9091 0000 		lds r25,weak_mods
 965 001c 892B      		or r24,r25
 966 001e 8083      		st Z,r24
 231:tmk_core/common/action_util.c **** #ifndef NO_ACTION_ONESHOT
 967               		.loc 2 231 5 is_stmt 1 view .LVU182
 231:tmk_core/common/action_util.c **** #ifndef NO_ACTION_ONESHOT
 968               		.loc 2 231 27 is_stmt 0 view .LVU183
 969 0020 E091 0000 		lds r30,keyboard_report
 970 0024 F091 0000 		lds r31,keyboard_report+1
 971 0028 8081      		ld r24,Z
 972 002a 9091 0000 		lds r25,macro_mods
 973 002e 892B      		or r24,r25
 974 0030 8083      		st Z,r24
 233:tmk_core/common/action_util.c **** #    if (defined(ONESHOT_TIMEOUT) && (ONESHOT_TIMEOUT > 0))
 975               		.loc 2 233 5 is_stmt 1 view .LVU184
 233:tmk_core/common/action_util.c **** #    if (defined(ONESHOT_TIMEOUT) && (ONESHOT_TIMEOUT > 0))
 976               		.loc 2 233 9 is_stmt 0 view .LVU185
 977 0032 9091 0000 		lds r25,oneshot_mods
 233:tmk_core/common/action_util.c **** #    if (defined(ONESHOT_TIMEOUT) && (ONESHOT_TIMEOUT > 0))
 978               		.loc 2 233 8 view .LVU186
 979 0036 9923      		tst r25
 980 0038 01F0      		breq .L50
 240:tmk_core/common/action_util.c ****         if (has_anykey(keyboard_report)) {
 981               		.loc 2 240 9 is_stmt 1 view .LVU187
 240:tmk_core/common/action_util.c ****         if (has_anykey(keyboard_report)) {
 982               		.loc 2 240 31 is_stmt 0 view .LVU188
 983 003a E091 0000 		lds r30,keyboard_report
 984 003e F091 0000 		lds r31,keyboard_report+1
 985 0042 8081      		ld r24,Z
 986 0044 892B      		or r24,r25
 987 0046 8083      		st Z,r24
 241:tmk_core/common/action_util.c ****             clear_oneshot_mods();
 988               		.loc 2 241 9 is_stmt 1 view .LVU189
 241:tmk_core/common/action_util.c ****             clear_oneshot_mods();
 989               		.loc 2 241 13 is_stmt 0 view .LVU190
 990 0048 8091 0000 		lds r24,keyboard_report
 991 004c 9091 0000 		lds r25,keyboard_report+1
 992 0050 0E94 0000 		call has_anykey
 993               	.LVL45:
 241:tmk_core/common/action_util.c ****             clear_oneshot_mods();
 994               		.loc 2 241 12 view .LVU191
 995 0054 8111      		cpse r24,__zero_reg__
 242:tmk_core/common/action_util.c ****         }
 996               		.loc 2 242 13 is_stmt 1 view .LVU192
 997 0056 0E94 0000 		call clear_oneshot_mods
 998               	.LVL46:
 999               	.L50:
 247:tmk_core/common/action_util.c **** }
 1000               		.loc 2 247 5 view .LVU193
 1001 005a 8091 0000 		lds r24,keyboard_report
 1002 005e 9091 0000 		lds r25,keyboard_report+1
 1003 0062 0C94 0000 		jmp host_keyboard_send
 1004               	.LVL47:
 1005               		.cfi_endproc
 1006               	.LFE24:
 1008               		.section	.text.oneshot_layer_changed_user,"ax",@progbits
 1009               		.weak	oneshot_layer_changed_user
 1011               	oneshot_layer_changed_user:
 1012               	.LFB55:
 1013               		.cfi_startproc
 1014               	/* prologue: function */
 1015               	/* frame size = 0 */
 1016               	/* stack size = 0 */
 1017               	.L__stack_usage = 0
 1018               	/* epilogue start */
 1019 0000 0895      		ret
 1020               		.cfi_endproc
 1021               	.LFE55:
 1023               		.section	.text.oneshot_layer_changed_kb,"ax",@progbits
 1024               		.weak	oneshot_layer_changed_kb
 1026               	oneshot_layer_changed_kb:
 1027               	.LVL48:
 1028               	.LFB50:
 410:tmk_core/common/action_util.c **** 
 411:tmk_core/common/action_util.c **** /** \brief Called when the one shot layers have been changed.
 412:tmk_core/common/action_util.c ****  *
 413:tmk_core/common/action_util.c ****  * \param layer Contains the layer that is toggled on, or zero when toggled off.
 414:tmk_core/common/action_util.c ****  */
 415:tmk_core/common/action_util.c **** __attribute__((weak)) void oneshot_layer_changed_user(uint8_t layer) {}
 416:tmk_core/common/action_util.c **** 
 417:tmk_core/common/action_util.c **** /** \brief Called when the one shot layers have been changed.
 418:tmk_core/common/action_util.c ****  *
 419:tmk_core/common/action_util.c ****  * \param layer Contains the layer that is toggled on, or zero when toggled off.
 420:tmk_core/common/action_util.c ****  */
 421:tmk_core/common/action_util.c **** __attribute__((weak)) void oneshot_layer_changed_kb(uint8_t layer) { oneshot_layer_changed_user(lay
 1029               		.loc 2 421 68 view -0
 1030               		.cfi_startproc
 1031               	/* prologue: function */
 1032               	/* frame size = 0 */
 1033               	/* stack size = 0 */
 1034               	.L__stack_usage = 0
 1035               		.loc 2 421 70 view .LVU195
 1036 0000 0C94 0000 		jmp oneshot_layer_changed_user
 1037               	.LVL49:
 1038               		.loc 2 421 70 is_stmt 0 view .LVU196
 1039               		.cfi_endproc
 1040               	.LFE50:
 1042               		.section	.text.set_oneshot_layer,"ax",@progbits
 1043               	.global	set_oneshot_layer
 1045               	set_oneshot_layer:
 1046               	.LVL50:
 1047               	.LFB15:
 149:tmk_core/common/action_util.c ****     if (!keymap_config.oneshot_disable) {
 1048               		.loc 2 149 54 is_stmt 1 view -0
 1049               		.cfi_startproc
 1050               	/* prologue: function */
 1051               	/* frame size = 0 */
 1052               	/* stack size = 0 */
 1053               	.L__stack_usage = 0
 150:tmk_core/common/action_util.c ****         oneshot_layer_data = layer << 3 | state;
 1054               		.loc 2 150 5 view .LVU198
 150:tmk_core/common/action_util.c ****         oneshot_layer_data = layer << 3 | state;
 1055               		.loc 2 150 23 is_stmt 0 view .LVU199
 1056 0000 9091 0000 		lds r25,keymap_config+1
 150:tmk_core/common/action_util.c ****         oneshot_layer_data = layer << 3 | state;
 1057               		.loc 2 150 8 view .LVU200
 1058 0004 92FD      		sbrc r25,2
 1059 0006 00C0      		rjmp .L58
 151:tmk_core/common/action_util.c ****         layer_on(layer);
 1060               		.loc 2 151 9 is_stmt 1 view .LVU201
 151:tmk_core/common/action_util.c ****         layer_on(layer);
 1061               		.loc 2 151 36 is_stmt 0 view .LVU202
 1062 0008 98E0      		ldi r25,lo8(8)
 1063 000a 899F      		mul r24,r25
 1064 000c 9001      		movw r18,r0
 1065 000e 1124      		clr __zero_reg__
 151:tmk_core/common/action_util.c ****         layer_on(layer);
 1066               		.loc 2 151 41 view .LVU203
 1067 0010 622B      		or r22,r18
 1068               	.LVL51:
 151:tmk_core/common/action_util.c ****         layer_on(layer);
 1069               		.loc 2 151 28 view .LVU204
 1070 0012 6093 0000 		sts oneshot_layer_data,r22
 152:tmk_core/common/action_util.c **** #    if (defined(ONESHOT_TIMEOUT) && (ONESHOT_TIMEOUT > 0))
 1071               		.loc 2 152 9 is_stmt 1 view .LVU205
 1072 0016 0E94 0000 		call layer_on
 1073               	.LVL52:
 156:tmk_core/common/action_util.c ****     } else {
 1074               		.loc 2 156 9 view .LVU206
 1075               	.LBB14:
 1076               	.LBI14:
  83:tmk_core/common/action_util.c **** inline uint8_t get_oneshot_layer_state(void) { return oneshot_layer_data & 0b111; }
 1077               		.loc 2 83 16 view .LVU207
 1078               	.LBB15:
  83:tmk_core/common/action_util.c **** inline uint8_t get_oneshot_layer_state(void) { return oneshot_layer_data & 0b111; }
 1079               		.loc 2 83 42 view .LVU208
  83:tmk_core/common/action_util.c **** inline uint8_t get_oneshot_layer_state(void) { return oneshot_layer_data & 0b111; }
 1080               		.loc 2 83 68 is_stmt 0 view .LVU209
 1081 001a 8091 0000 		lds r24,oneshot_layer_data
 1082               	.LBE15:
 1083               	.LBE14:
 156:tmk_core/common/action_util.c ****     } else {
 1084               		.loc 2 156 9 view .LVU210
 1085 001e 8595      		asr r24
 1086 0020 8595      		asr r24
 1087 0022 8595      		asr r24
 1088 0024 0C94 0000 		jmp oneshot_layer_changed_kb
 1089               	.LVL53:
 1090               	.L58:
 158:tmk_core/common/action_util.c ****     }
 1091               		.loc 2 158 9 is_stmt 1 view .LVU211
 1092 0028 0C94 0000 		jmp layer_on
 1093               	.LVL54:
 158:tmk_core/common/action_util.c ****     }
 1094               		.loc 2 158 9 is_stmt 0 view .LVU212
 1095               		.cfi_endproc
 1096               	.LFE15:
 1098               		.section	.text.reset_oneshot_layer,"ax",@progbits
 1099               	.global	reset_oneshot_layer
 1101               	reset_oneshot_layer:
 1102               	.LFB16:
 165:tmk_core/common/action_util.c ****     oneshot_layer_data = 0;
 1103               		.loc 2 165 32 is_stmt 1 view -0
 1104               		.cfi_startproc
 1105               	/* prologue: function */
 1106               	/* frame size = 0 */
 1107               	/* stack size = 0 */
 1108               	.L__stack_usage = 0
 166:tmk_core/common/action_util.c **** #    if (defined(ONESHOT_TIMEOUT) && (ONESHOT_TIMEOUT > 0))
 1109               		.loc 2 166 5 view .LVU214
 166:tmk_core/common/action_util.c **** #    if (defined(ONESHOT_TIMEOUT) && (ONESHOT_TIMEOUT > 0))
 1110               		.loc 2 166 24 is_stmt 0 view .LVU215
 1111 0000 1092 0000 		sts oneshot_layer_data,__zero_reg__
 170:tmk_core/common/action_util.c **** }
 1112               		.loc 2 170 5 is_stmt 1 view .LVU216
  83:tmk_core/common/action_util.c **** inline uint8_t get_oneshot_layer_state(void) { return oneshot_layer_data & 0b111; }
 1113               		.loc 2 83 42 view .LVU217
 170:tmk_core/common/action_util.c **** }
 1114               		.loc 2 170 5 is_stmt 0 view .LVU218
 1115 0004 80E0      		ldi r24,0
 1116 0006 0C94 0000 		jmp oneshot_layer_changed_kb
 1117               	.LVL55:
 1118               		.cfi_endproc
 1119               	.LFE16:
 1121               		.section	.text.clear_oneshot_layer_state,"ax",@progbits
 1122               	.global	clear_oneshot_layer_state
 1124               	clear_oneshot_layer_state:
 1125               	.LVL56:
 1126               	.LFB17:
 176:tmk_core/common/action_util.c ****     uint8_t start_state = oneshot_layer_data;
 1127               		.loc 2 176 62 is_stmt 1 view -0
 1128               		.cfi_startproc
 1129               	/* prologue: function */
 1130               	/* frame size = 0 */
 1131               	/* stack size = 0 */
 1132               	.L__stack_usage = 0
 177:tmk_core/common/action_util.c ****     oneshot_layer_data &= ~state;
 1133               		.loc 2 177 5 view .LVU220
 177:tmk_core/common/action_util.c ****     oneshot_layer_data &= ~state;
 1134               		.loc 2 177 13 is_stmt 0 view .LVU221
 1135 0000 9091 0000 		lds r25,oneshot_layer_data
 1136               	.LVL57:
 178:tmk_core/common/action_util.c ****     if ((!get_oneshot_layer_state() && start_state != oneshot_layer_data) || keymap_config.oneshot_
 1137               		.loc 2 178 5 is_stmt 1 view .LVU222
 178:tmk_core/common/action_util.c ****     if ((!get_oneshot_layer_state() && start_state != oneshot_layer_data) || keymap_config.oneshot_
 1138               		.loc 2 178 24 is_stmt 0 view .LVU223
 1139 0004 8095      		com r24
 1140               	.LVL58:
 178:tmk_core/common/action_util.c ****     if ((!get_oneshot_layer_state() && start_state != oneshot_layer_data) || keymap_config.oneshot_
 1141               		.loc 2 178 24 view .LVU224
 1142 0006 8923      		and r24,r25
 1143               	.LVL59:
 178:tmk_core/common/action_util.c ****     if ((!get_oneshot_layer_state() && start_state != oneshot_layer_data) || keymap_config.oneshot_
 1144               		.loc 2 178 24 view .LVU225
 1145 0008 8093 0000 		sts oneshot_layer_data,r24
 179:tmk_core/common/action_util.c ****         layer_off(get_oneshot_layer());
 1146               		.loc 2 179 5 is_stmt 1 view .LVU226
 1147               	.LBB16:
 1148               	.LBI16:
  84:tmk_core/common/action_util.c **** 
 1149               		.loc 2 84 16 view .LVU227
 1150               	.LBB17:
  84:tmk_core/common/action_util.c **** 
 1151               		.loc 2 84 48 view .LVU228
  84:tmk_core/common/action_util.c **** 
 1152               		.loc 2 84 74 is_stmt 0 view .LVU229
 1153 000c 282F      		mov r18,r24
 1154 000e 2770      		andi r18,lo8(7)
 1155               	.LBE17:
 1156               	.LBE16:
 179:tmk_core/common/action_util.c ****         layer_off(get_oneshot_layer());
 1157               		.loc 2 179 8 view .LVU230
 1158 0010 01F4      		brne .L61
 179:tmk_core/common/action_util.c ****         layer_off(get_oneshot_layer());
 1159               		.loc 2 179 52 discriminator 1 view .LVU231
 1160 0012 282F      		mov r18,r24
 1161 0014 082E      		mov __tmp_reg__,r24
 1162 0016 000C      		lsl r0
 1163 0018 330B      		sbc r19,r19
 179:tmk_core/common/action_util.c ****         layer_off(get_oneshot_layer());
 1164               		.loc 2 179 37 discriminator 1 view .LVU232
 1165 001a 9217      		cp r25,r18
 1166 001c 1306      		cpc __zero_reg__,r19
 1167 001e 01F4      		brne .L62
 1168               	.L61:
 179:tmk_core/common/action_util.c ****         layer_off(get_oneshot_layer());
 1169               		.loc 2 179 75 discriminator 3 view .LVU233
 1170 0020 9091 0000 		lds r25,keymap_config+1
 1171               	.LVL60:
 179:tmk_core/common/action_util.c ****         layer_off(get_oneshot_layer());
 1172               		.loc 2 179 75 discriminator 3 view .LVU234
 1173 0024 92FF      		sbrs r25,2
 1174 0026 00C0      		rjmp .L60
 1175               	.L62:
 180:tmk_core/common/action_util.c ****         reset_oneshot_layer();
 1176               		.loc 2 180 9 is_stmt 1 view .LVU235
 1177               	.LBB18:
 1178               	.LBI18:
  83:tmk_core/common/action_util.c **** inline uint8_t get_oneshot_layer_state(void) { return oneshot_layer_data & 0b111; }
 1179               		.loc 2 83 16 view .LVU236
 1180               	.LBB19:
  83:tmk_core/common/action_util.c **** inline uint8_t get_oneshot_layer_state(void) { return oneshot_layer_data & 0b111; }
 1181               		.loc 2 83 42 view .LVU237
 1182               	.LBE19:
 1183               	.LBE18:
 180:tmk_core/common/action_util.c ****         reset_oneshot_layer();
 1184               		.loc 2 180 9 is_stmt 0 view .LVU238
 1185 0028 8595      		asr r24
 1186 002a 8595      		asr r24
 1187 002c 8595      		asr r24
 1188 002e 0E94 0000 		call layer_off
 1189               	.LVL61:
 181:tmk_core/common/action_util.c ****     }
 1190               		.loc 2 181 9 is_stmt 1 view .LVU239
 1191 0032 0C94 0000 		jmp reset_oneshot_layer
 1192               	.LVL62:
 1193               	.L60:
 1194               	/* epilogue start */
 183:tmk_core/common/action_util.c **** /** \brief Is oneshot layer active
 1195               		.loc 2 183 1 is_stmt 0 view .LVU240
 1196 0036 0895      		ret
 1197               		.cfi_endproc
 1198               	.LFE17:
 1200               		.section	.text.has_anymod,"ax",@progbits
 1201               	.global	has_anymod
 1203               	has_anymod:
 1204               	.LFB51:
 422:tmk_core/common/action_util.c **** 
 423:tmk_core/common/action_util.c **** /** \brief inspect keyboard state
 424:tmk_core/common/action_util.c ****  *
 425:tmk_core/common/action_util.c ****  * FIXME: needs doc
 426:tmk_core/common/action_util.c ****  */
 427:tmk_core/common/action_util.c **** uint8_t has_anymod(void) { return bitpop(real_mods); }
 1205               		.loc 2 427 26 is_stmt 1 view -0
 1206               		.cfi_startproc
 1207               	/* prologue: function */
 1208               	/* frame size = 0 */
 1209               	/* stack size = 0 */
 1210               	.L__stack_usage = 0
 1211               		.loc 2 427 28 view .LVU242
 1212               		.loc 2 427 35 is_stmt 0 view .LVU243
 1213 0000 8091 0000 		lds r24,real_mods
 1214 0004 0C94 0000 		jmp bitpop
 1215               	.LVL63:
 1216               		.cfi_endproc
 1217               	.LFE51:
 1219               		.section	.bss.oneshot_layer_data,"aw",@nobits
 1222               	oneshot_layer_data:
 1223 0000 00        		.zero	1
 1224               		.section	.bss.oneshot_locked_mods,"aw",@nobits
 1227               	oneshot_locked_mods:
 1228 0000 00        		.zero	1
 1229               		.section	.bss.oneshot_mods,"aw",@nobits
 1232               	oneshot_mods:
 1233 0000 00        		.zero	1
 1234               	.global	keyboard_report
 1235               		.section	.data.keyboard_report,"aw"
 1238               	keyboard_report:
 1239 0000 0000      		.word	__compound_literal.0
 1240               		.section	.bss.__compound_literal.0,"aw",@nobits
 1243               	__compound_literal.0:
 1244 0000 0000 0000 		.zero	8
 1244      0000 0000 
 1245               		.section	.bss.macro_mods,"aw",@nobits
 1248               	macro_mods:
 1249 0000 00        		.zero	1
 1250               		.section	.bss.weak_mods,"aw",@nobits
 1253               	weak_mods:
 1254 0000 00        		.zero	1
 1255               		.section	.bss.real_mods,"aw",@nobits
 1258               	real_mods:
 1259 0000 00        		.zero	1
 1260               		.text
 1261               	.Letext0:
 1262               		.file 3 "c:\\qmk_msys\\mingw64\\avr\\include\\stdint.h"
 1263               		.file 4 "tmk_core/common/report.h"
 1264               		.file 5 "tmk_core/common/host.h"
 1265               		.file 6 "tmk_core/common/debug.h"
 1266               		.file 7 "tmk_core/common/action.h"
 1267               		.file 8 "tmk_core/common/action_layer.h"
 1268               		.file 9 "tmk_core/common/timer.h"
 1269               		.file 10 "quantum/keycode_config.h"
 1270               		.file 11 "quantum/bitwise.h"
 1271               		.file 12 "tmk_core/common/eeconfig.h"
DEFINED SYMBOLS
                            *ABS*:0000000000000000 action_util.c
C:\Users\xue\AppData\Local\Temp\cc1u9V0R.s:2      *ABS*:000000000000003e __SP_H__
C:\Users\xue\AppData\Local\Temp\cc1u9V0R.s:3      *ABS*:000000000000003d __SP_L__
C:\Users\xue\AppData\Local\Temp\cc1u9V0R.s:4      *ABS*:000000000000003f __SREG__
C:\Users\xue\AppData\Local\Temp\cc1u9V0R.s:5      *ABS*:0000000000000000 __tmp_reg__
C:\Users\xue\AppData\Local\Temp\cc1u9V0R.s:6      *ABS*:0000000000000001 __zero_reg__
C:\Users\xue\AppData\Local\Temp\cc1u9V0R.s:13     .text.add_key:0000000000000000 add_key
C:\Users\xue\AppData\Local\Temp\cc1u9V0R.s:1238   .data.keyboard_report:0000000000000000 keyboard_report
C:\Users\xue\AppData\Local\Temp\cc1u9V0R.s:38     .text.del_key:0000000000000000 del_key
C:\Users\xue\AppData\Local\Temp\cc1u9V0R.s:62     .text.clear_keys:0000000000000000 clear_keys
C:\Users\xue\AppData\Local\Temp\cc1u9V0R.s:81     .text.get_oneshot_locked_mods:0000000000000000 get_oneshot_locked_mods
C:\Users\xue\AppData\Local\Temp\cc1u9V0R.s:1227   .bss.oneshot_locked_mods:0000000000000000 oneshot_locked_mods
C:\Users\xue\AppData\Local\Temp\cc1u9V0R.s:101    .text.has_oneshot_mods_timed_out:0000000000000000 has_oneshot_mods_timed_out
C:\Users\xue\AppData\Local\Temp\cc1u9V0R.s:120    .text.get_oneshot_layer:0000000000000000 get_oneshot_layer
C:\Users\xue\AppData\Local\Temp\cc1u9V0R.s:1222   .bss.oneshot_layer_data:0000000000000000 oneshot_layer_data
C:\Users\xue\AppData\Local\Temp\cc1u9V0R.s:143    .text.get_oneshot_layer_state:0000000000000000 get_oneshot_layer_state
C:\Users\xue\AppData\Local\Temp\cc1u9V0R.s:164    .text.is_oneshot_layer_active:0000000000000000 is_oneshot_layer_active
C:\Users\xue\AppData\Local\Temp\cc1u9V0R.s:197    .text.oneshot_set:0000000000000000 oneshot_set
C:\Users\xue\AppData\Local\Temp\cc1u9V0R.s:237    .text.oneshot_toggle:0000000000000000 oneshot_toggle
C:\Users\xue\AppData\Local\Temp\cc1u9V0R.s:262    .text.oneshot_enable:0000000000000000 oneshot_enable
C:\Users\xue\AppData\Local\Temp\cc1u9V0R.s:280    .text.oneshot_disable:0000000000000000 oneshot_disable
C:\Users\xue\AppData\Local\Temp\cc1u9V0R.s:298    .text.is_oneshot_enabled:0000000000000000 is_oneshot_enabled
C:\Users\xue\AppData\Local\Temp\cc1u9V0R.s:321    .text.get_mods:0000000000000000 get_mods
C:\Users\xue\AppData\Local\Temp\cc1u9V0R.s:1258   .bss.real_mods:0000000000000000 real_mods
C:\Users\xue\AppData\Local\Temp\cc1u9V0R.s:340    .text.add_mods:0000000000000000 add_mods
C:\Users\xue\AppData\Local\Temp\cc1u9V0R.s:365    .text.del_mods:0000000000000000 del_mods
C:\Users\xue\AppData\Local\Temp\cc1u9V0R.s:391    .text.set_mods:0000000000000000 set_mods
C:\Users\xue\AppData\Local\Temp\cc1u9V0R.s:412    .text.clear_mods:0000000000000000 clear_mods
C:\Users\xue\AppData\Local\Temp\cc1u9V0R.s:432    .text.get_weak_mods:0000000000000000 get_weak_mods
C:\Users\xue\AppData\Local\Temp\cc1u9V0R.s:1253   .bss.weak_mods:0000000000000000 weak_mods
C:\Users\xue\AppData\Local\Temp\cc1u9V0R.s:451    .text.add_weak_mods:0000000000000000 add_weak_mods
C:\Users\xue\AppData\Local\Temp\cc1u9V0R.s:476    .text.del_weak_mods:0000000000000000 del_weak_mods
C:\Users\xue\AppData\Local\Temp\cc1u9V0R.s:502    .text.set_weak_mods:0000000000000000 set_weak_mods
C:\Users\xue\AppData\Local\Temp\cc1u9V0R.s:523    .text.clear_weak_mods:0000000000000000 clear_weak_mods
C:\Users\xue\AppData\Local\Temp\cc1u9V0R.s:543    .text.get_macro_mods:0000000000000000 get_macro_mods
C:\Users\xue\AppData\Local\Temp\cc1u9V0R.s:1248   .bss.macro_mods:0000000000000000 macro_mods
C:\Users\xue\AppData\Local\Temp\cc1u9V0R.s:562    .text.add_macro_mods:0000000000000000 add_macro_mods
C:\Users\xue\AppData\Local\Temp\cc1u9V0R.s:587    .text.del_macro_mods:0000000000000000 del_macro_mods
C:\Users\xue\AppData\Local\Temp\cc1u9V0R.s:613    .text.set_macro_mods:0000000000000000 set_macro_mods
C:\Users\xue\AppData\Local\Temp\cc1u9V0R.s:634    .text.clear_macro_mods:0000000000000000 clear_macro_mods
C:\Users\xue\AppData\Local\Temp\cc1u9V0R.s:654    .text.get_oneshot_mods:0000000000000000 get_oneshot_mods
C:\Users\xue\AppData\Local\Temp\cc1u9V0R.s:1232   .bss.oneshot_mods:0000000000000000 oneshot_mods
C:\Users\xue\AppData\Local\Temp\cc1u9V0R.s:673    .text.oneshot_locked_mods_changed_user:0000000000000000 oneshot_locked_mods_changed_user
C:\Users\xue\AppData\Local\Temp\cc1u9V0R.s:673    .text.oneshot_locked_mods_changed_user:0000000000000000 oneshot_locked_mods_changed_user.localalias.0
C:\Users\xue\AppData\Local\Temp\cc1u9V0R.s:693    .text.oneshot_locked_mods_changed_kb:0000000000000000 oneshot_locked_mods_changed_kb
C:\Users\xue\AppData\Local\Temp\cc1u9V0R.s:712    .text.set_oneshot_locked_mods:0000000000000000 set_oneshot_locked_mods
C:\Users\xue\AppData\Local\Temp\cc1u9V0R.s:742    .text.clear_oneshot_locked_mods:0000000000000000 clear_oneshot_locked_mods
C:\Users\xue\AppData\Local\Temp\cc1u9V0R.s:772    .text.oneshot_mods_changed_user:0000000000000000 oneshot_mods_changed_user
C:\Users\xue\AppData\Local\Temp\cc1u9V0R.s:787    .text.oneshot_mods_changed_kb:0000000000000000 oneshot_mods_changed_kb
C:\Users\xue\AppData\Local\Temp\cc1u9V0R.s:806    .text.add_oneshot_mods:0000000000000000 add_oneshot_mods
C:\Users\xue\AppData\Local\Temp\cc1u9V0R.s:840    .text.del_oneshot_mods:0000000000000000 del_oneshot_mods
C:\Users\xue\AppData\Local\Temp\cc1u9V0R.s:878    .text.set_oneshot_mods:0000000000000000 set_oneshot_mods
C:\Users\xue\AppData\Local\Temp\cc1u9V0R.s:914    .text.clear_oneshot_mods:0000000000000000 clear_oneshot_mods
C:\Users\xue\AppData\Local\Temp\cc1u9V0R.s:944    .text.send_keyboard_report:0000000000000000 send_keyboard_report
C:\Users\xue\AppData\Local\Temp\cc1u9V0R.s:1011   .text.oneshot_layer_changed_user:0000000000000000 oneshot_layer_changed_user
C:\Users\xue\AppData\Local\Temp\cc1u9V0R.s:1026   .text.oneshot_layer_changed_kb:0000000000000000 oneshot_layer_changed_kb
C:\Users\xue\AppData\Local\Temp\cc1u9V0R.s:1045   .text.set_oneshot_layer:0000000000000000 set_oneshot_layer
C:\Users\xue\AppData\Local\Temp\cc1u9V0R.s:1101   .text.reset_oneshot_layer:0000000000000000 reset_oneshot_layer
C:\Users\xue\AppData\Local\Temp\cc1u9V0R.s:1124   .text.clear_oneshot_layer_state:0000000000000000 clear_oneshot_layer_state
C:\Users\xue\AppData\Local\Temp\cc1u9V0R.s:1203   .text.has_anymod:0000000000000000 has_anymod
C:\Users\xue\AppData\Local\Temp\cc1u9V0R.s:1243   .bss.__compound_literal.0:0000000000000000 __compound_literal.0

UNDEFINED SYMBOLS
add_key_to_report
del_key_from_report
clear_keys_from_report
keymap_config
eeconfig_update_keymap
has_anykey
host_keyboard_send
layer_on
layer_off
bitpop
__do_copy_data
__do_clear_bss
