   1               		.file	"eeconfig.c"
   2               	__SP_H__ = 0x3e
   3               	__SP_L__ = 0x3d
   4               	__SREG__ = 0x3f
   5               	__tmp_reg__ = 0
   6               	__zero_reg__ = 1
   7               		.text
   8               	.Ltext0:
   9               		.cfi_sections	.debug_frame
  10               		.section	.text.eeconfig_enable,"ax",@progbits
  11               	.global	eeconfig_enable
  13               	eeconfig_enable:
  14               	.LFB8:
  15               		.file 1 "tmk_core/common/eeconfig.c"
   1:tmk_core/common/eeconfig.c **** #include <stdint.h>
   2:tmk_core/common/eeconfig.c **** #include <stdbool.h>
   3:tmk_core/common/eeconfig.c **** #include "eeprom.h"
   4:tmk_core/common/eeconfig.c **** #include "eeconfig.h"
   5:tmk_core/common/eeconfig.c **** #include "action_layer.h"
   6:tmk_core/common/eeconfig.c **** 
   7:tmk_core/common/eeconfig.c **** #ifdef STM32_EEPROM_ENABLE
   8:tmk_core/common/eeconfig.c **** #    include <hal.h>
   9:tmk_core/common/eeconfig.c **** #    include "eeprom_stm32.h"
  10:tmk_core/common/eeconfig.c **** #endif
  11:tmk_core/common/eeconfig.c **** 
  12:tmk_core/common/eeconfig.c **** #if defined(EEPROM_DRIVER)
  13:tmk_core/common/eeconfig.c **** #    include "eeprom_driver.h"
  14:tmk_core/common/eeconfig.c **** #endif
  15:tmk_core/common/eeconfig.c **** 
  16:tmk_core/common/eeconfig.c **** #if defined(HAPTIC_ENABLE)
  17:tmk_core/common/eeconfig.c **** #    include "haptic.h"
  18:tmk_core/common/eeconfig.c **** #endif
  19:tmk_core/common/eeconfig.c **** 
  20:tmk_core/common/eeconfig.c **** /** \brief eeconfig enable
  21:tmk_core/common/eeconfig.c ****  *
  22:tmk_core/common/eeconfig.c ****  * FIXME: needs doc
  23:tmk_core/common/eeconfig.c ****  */
  24:tmk_core/common/eeconfig.c **** __attribute__((weak)) void eeconfig_init_user(void) {
  25:tmk_core/common/eeconfig.c ****     // Reset user EEPROM value to blank, rather than to a set value
  26:tmk_core/common/eeconfig.c ****     eeconfig_update_user(0);
  27:tmk_core/common/eeconfig.c **** }
  28:tmk_core/common/eeconfig.c **** 
  29:tmk_core/common/eeconfig.c **** __attribute__((weak)) void eeconfig_init_kb(void) {
  30:tmk_core/common/eeconfig.c ****     // Reset Keyboard EEPROM value to blank, rather than to a set value
  31:tmk_core/common/eeconfig.c ****     eeconfig_update_kb(0);
  32:tmk_core/common/eeconfig.c **** 
  33:tmk_core/common/eeconfig.c ****     eeconfig_init_user();
  34:tmk_core/common/eeconfig.c **** }
  35:tmk_core/common/eeconfig.c **** 
  36:tmk_core/common/eeconfig.c **** /*
  37:tmk_core/common/eeconfig.c ****  * FIXME: needs doc
  38:tmk_core/common/eeconfig.c ****  */
  39:tmk_core/common/eeconfig.c **** void eeconfig_init_quantum(void) {
  40:tmk_core/common/eeconfig.c **** #ifdef STM32_EEPROM_ENABLE
  41:tmk_core/common/eeconfig.c ****     EEPROM_Erase();
  42:tmk_core/common/eeconfig.c **** #endif
  43:tmk_core/common/eeconfig.c **** #if defined(EEPROM_DRIVER)
  44:tmk_core/common/eeconfig.c ****     eeprom_driver_erase();
  45:tmk_core/common/eeconfig.c **** #endif
  46:tmk_core/common/eeconfig.c ****     eeprom_update_word(EECONFIG_MAGIC, EECONFIG_MAGIC_NUMBER);
  47:tmk_core/common/eeconfig.c ****     eeprom_update_byte(EECONFIG_DEBUG, 0);
  48:tmk_core/common/eeconfig.c ****     eeprom_update_byte(EECONFIG_DEFAULT_LAYER, 0);
  49:tmk_core/common/eeconfig.c ****     default_layer_state = 0;
  50:tmk_core/common/eeconfig.c ****     eeprom_update_byte(EECONFIG_KEYMAP_LOWER_BYTE, 0);
  51:tmk_core/common/eeconfig.c ****     eeprom_update_byte(EECONFIG_KEYMAP_UPPER_BYTE, 0);
  52:tmk_core/common/eeconfig.c ****     eeprom_update_byte(EECONFIG_MOUSEKEY_ACCEL, 0);
  53:tmk_core/common/eeconfig.c ****     eeprom_update_byte(EECONFIG_BACKLIGHT, 0);
  54:tmk_core/common/eeconfig.c ****     eeprom_update_byte(EECONFIG_AUDIO, 0xFF);  // On by default
  55:tmk_core/common/eeconfig.c ****     eeprom_update_dword(EECONFIG_RGBLIGHT, 0);
  56:tmk_core/common/eeconfig.c ****     eeprom_update_byte(EECONFIG_STENOMODE, 0);
  57:tmk_core/common/eeconfig.c ****     eeprom_update_dword(EECONFIG_HAPTIC, 0);
  58:tmk_core/common/eeconfig.c ****     eeprom_update_byte(EECONFIG_VELOCIKEY, 0);
  59:tmk_core/common/eeconfig.c ****     eeprom_update_dword(EECONFIG_RGB_MATRIX, 0);
  60:tmk_core/common/eeconfig.c ****     eeprom_update_word(EECONFIG_RGB_MATRIX_EXTENDED, 0);
  61:tmk_core/common/eeconfig.c **** 
  62:tmk_core/common/eeconfig.c ****     // TODO: Remove once ARM has a way to configure EECONFIG_HANDEDNESS
  63:tmk_core/common/eeconfig.c ****     //        within the emulated eeprom via dfu-util or another tool
  64:tmk_core/common/eeconfig.c **** #if defined INIT_EE_HANDS_LEFT
  65:tmk_core/common/eeconfig.c **** #    pragma message "Faking EE_HANDS for left hand"
  66:tmk_core/common/eeconfig.c ****     eeprom_update_byte(EECONFIG_HANDEDNESS, 1);
  67:tmk_core/common/eeconfig.c **** #elif defined INIT_EE_HANDS_RIGHT
  68:tmk_core/common/eeconfig.c **** #    pragma message "Faking EE_HANDS for right hand"
  69:tmk_core/common/eeconfig.c ****     eeprom_update_byte(EECONFIG_HANDEDNESS, 0);
  70:tmk_core/common/eeconfig.c **** #endif
  71:tmk_core/common/eeconfig.c **** 
  72:tmk_core/common/eeconfig.c **** #if defined(HAPTIC_ENABLE)
  73:tmk_core/common/eeconfig.c ****     haptic_reset();
  74:tmk_core/common/eeconfig.c **** #else
  75:tmk_core/common/eeconfig.c ****     // this is used in case haptic is disabled, but we still want sane defaults
  76:tmk_core/common/eeconfig.c ****     // in the haptic configuration eeprom. All zero will trigger a haptic_reset
  77:tmk_core/common/eeconfig.c ****     // when a haptic-enabled firmware is loaded onto the keyboard.
  78:tmk_core/common/eeconfig.c ****     eeprom_update_dword(EECONFIG_HAPTIC, 0);
  79:tmk_core/common/eeconfig.c **** #endif
  80:tmk_core/common/eeconfig.c **** 
  81:tmk_core/common/eeconfig.c ****     eeconfig_init_kb();
  82:tmk_core/common/eeconfig.c **** }
  83:tmk_core/common/eeconfig.c **** 
  84:tmk_core/common/eeconfig.c **** /** \brief eeconfig initialization
  85:tmk_core/common/eeconfig.c ****  *
  86:tmk_core/common/eeconfig.c ****  * FIXME: needs doc
  87:tmk_core/common/eeconfig.c ****  */
  88:tmk_core/common/eeconfig.c **** void eeconfig_init(void) { eeconfig_init_quantum(); }
  89:tmk_core/common/eeconfig.c **** 
  90:tmk_core/common/eeconfig.c **** /** \brief eeconfig enable
  91:tmk_core/common/eeconfig.c ****  *
  92:tmk_core/common/eeconfig.c ****  * FIXME: needs doc
  93:tmk_core/common/eeconfig.c ****  */
  94:tmk_core/common/eeconfig.c **** void eeconfig_enable(void) { eeprom_update_word(EECONFIG_MAGIC, EECONFIG_MAGIC_NUMBER); }
  16               		.loc 1 94 28 view -0
  17               		.cfi_startproc
  18               	/* prologue: function */
  19               	/* frame size = 0 */
  20               	/* stack size = 0 */
  21               	.L__stack_usage = 0
  22               		.loc 1 94 30 view .LVU1
  23 0000 6AEE      		ldi r22,lo8(-22)
  24 0002 7EEF      		ldi r23,lo8(-2)
  25 0004 90E0      		ldi r25,0
  26 0006 80E0      		ldi r24,0
  27 0008 0C94 0000 		jmp eeprom_update_word
  28               	.LVL0:
  29               		.cfi_endproc
  30               	.LFE8:
  32               		.section	.text.eeconfig_disable,"ax",@progbits
  33               	.global	eeconfig_disable
  35               	eeconfig_disable:
  36               	.LFB9:
  95:tmk_core/common/eeconfig.c **** 
  96:tmk_core/common/eeconfig.c **** /** \brief eeconfig disable
  97:tmk_core/common/eeconfig.c ****  *
  98:tmk_core/common/eeconfig.c ****  * FIXME: needs doc
  99:tmk_core/common/eeconfig.c ****  */
 100:tmk_core/common/eeconfig.c **** void eeconfig_disable(void) {
  37               		.loc 1 100 29 view -0
  38               		.cfi_startproc
  39               	/* prologue: function */
  40               	/* frame size = 0 */
  41               	/* stack size = 0 */
  42               	.L__stack_usage = 0
 101:tmk_core/common/eeconfig.c **** #ifdef STM32_EEPROM_ENABLE
 102:tmk_core/common/eeconfig.c ****     EEPROM_Erase();
 103:tmk_core/common/eeconfig.c **** #endif
 104:tmk_core/common/eeconfig.c **** #if defined(EEPROM_DRIVER)
 105:tmk_core/common/eeconfig.c ****     eeprom_driver_erase();
 106:tmk_core/common/eeconfig.c **** #endif
 107:tmk_core/common/eeconfig.c ****     eeprom_update_word(EECONFIG_MAGIC, EECONFIG_MAGIC_NUMBER_OFF);
  43               		.loc 1 107 5 view .LVU3
  44 0000 6FEF      		ldi r22,lo8(-1)
  45 0002 7FEF      		ldi r23,lo8(-1)
  46 0004 90E0      		ldi r25,0
  47 0006 80E0      		ldi r24,0
  48 0008 0C94 0000 		jmp eeprom_update_word
  49               	.LVL1:
  50               		.cfi_endproc
  51               	.LFE9:
  53               		.section	.text.eeconfig_is_enabled,"ax",@progbits
  54               	.global	eeconfig_is_enabled
  56               	eeconfig_is_enabled:
  57               	.LFB10:
 108:tmk_core/common/eeconfig.c **** }
 109:tmk_core/common/eeconfig.c **** 
 110:tmk_core/common/eeconfig.c **** /** \brief eeconfig is enabled
 111:tmk_core/common/eeconfig.c ****  *
 112:tmk_core/common/eeconfig.c ****  * FIXME: needs doc
 113:tmk_core/common/eeconfig.c ****  */
 114:tmk_core/common/eeconfig.c **** bool eeconfig_is_enabled(void) { return (eeprom_read_word(EECONFIG_MAGIC) == EECONFIG_MAGIC_NUMBER)
  58               		.loc 1 114 32 view -0
  59               		.cfi_startproc
  60               	/* prologue: function */
  61               	/* frame size = 0 */
  62               	/* stack size = 0 */
  63               	.L__stack_usage = 0
  64               		.loc 1 114 34 view .LVU5
  65               		.loc 1 114 42 is_stmt 0 view .LVU6
  66 0000 90E0      		ldi r25,0
  67 0002 80E0      		ldi r24,0
  68 0004 0E94 0000 		call eeprom_read_word
  69               	.LVL2:
  70               		.loc 1 114 75 view .LVU7
  71 0008 21E0      		ldi r18,lo8(1)
  72 000a 8A3E      		cpi r24,-22
  73 000c 9E4F      		sbci r25,-2
  74 000e 01F0      		breq .L4
  75 0010 20E0      		ldi r18,0
  76               	.L4:
  77               		.loc 1 114 1 view .LVU8
  78 0012 822F      		mov r24,r18
  79               	/* epilogue start */
  80 0014 0895      		ret
  81               		.cfi_endproc
  82               	.LFE10:
  84               		.section	.text.eeconfig_is_disabled,"ax",@progbits
  85               	.global	eeconfig_is_disabled
  87               	eeconfig_is_disabled:
  88               	.LFB11:
 115:tmk_core/common/eeconfig.c **** 
 116:tmk_core/common/eeconfig.c **** /** \brief eeconfig is disabled
 117:tmk_core/common/eeconfig.c ****  *
 118:tmk_core/common/eeconfig.c ****  * FIXME: needs doc
 119:tmk_core/common/eeconfig.c ****  */
 120:tmk_core/common/eeconfig.c **** bool eeconfig_is_disabled(void) { return (eeprom_read_word(EECONFIG_MAGIC) == EECONFIG_MAGIC_NUMBER
  89               		.loc 1 120 33 is_stmt 1 view -0
  90               		.cfi_startproc
  91               	/* prologue: function */
  92               	/* frame size = 0 */
  93               	/* stack size = 0 */
  94               	.L__stack_usage = 0
  95               		.loc 1 120 35 view .LVU10
  96               		.loc 1 120 43 is_stmt 0 view .LVU11
  97 0000 90E0      		ldi r25,0
  98 0002 80E0      		ldi r24,0
  99 0004 0E94 0000 		call eeprom_read_word
 100               	.LVL3:
 101               		.loc 1 120 76 view .LVU12
 102 0008 21E0      		ldi r18,lo8(1)
 103 000a 0196      		adiw r24,1
 104 000c 01F0      		breq .L9
 105 000e 20E0      		ldi r18,0
 106               	.L9:
 107               		.loc 1 120 1 view .LVU13
 108 0010 822F      		mov r24,r18
 109               	/* epilogue start */
 110 0012 0895      		ret
 111               		.cfi_endproc
 112               	.LFE11:
 114               		.section	.text.eeconfig_read_debug,"ax",@progbits
 115               	.global	eeconfig_read_debug
 117               	eeconfig_read_debug:
 118               	.LFB12:
 121:tmk_core/common/eeconfig.c **** 
 122:tmk_core/common/eeconfig.c **** /** \brief eeconfig read debug
 123:tmk_core/common/eeconfig.c ****  *
 124:tmk_core/common/eeconfig.c ****  * FIXME: needs doc
 125:tmk_core/common/eeconfig.c ****  */
 126:tmk_core/common/eeconfig.c **** uint8_t eeconfig_read_debug(void) { return eeprom_read_byte(EECONFIG_DEBUG); }
 119               		.loc 1 126 35 is_stmt 1 view -0
 120               		.cfi_startproc
 121               	/* prologue: function */
 122               	/* frame size = 0 */
 123               	/* stack size = 0 */
 124               	.L__stack_usage = 0
 125               		.loc 1 126 37 view .LVU15
 126               		.loc 1 126 44 is_stmt 0 view .LVU16
 127 0000 82E0      		ldi r24,lo8(2)
 128 0002 90E0      		ldi r25,0
 129 0004 0C94 0000 		jmp eeprom_read_byte
 130               	.LVL4:
 131               		.cfi_endproc
 132               	.LFE12:
 134               		.section	.text.eeconfig_update_debug,"ax",@progbits
 135               	.global	eeconfig_update_debug
 137               	eeconfig_update_debug:
 138               	.LVL5:
 139               	.LFB13:
 127:tmk_core/common/eeconfig.c **** /** \brief eeconfig update debug
 128:tmk_core/common/eeconfig.c ****  *
 129:tmk_core/common/eeconfig.c ****  * FIXME: needs doc
 130:tmk_core/common/eeconfig.c ****  */
 131:tmk_core/common/eeconfig.c **** void eeconfig_update_debug(uint8_t val) { eeprom_update_byte(EECONFIG_DEBUG, val); }
 140               		.loc 1 131 41 is_stmt 1 view -0
 141               		.cfi_startproc
 142               	/* prologue: function */
 143               	/* frame size = 0 */
 144               	/* stack size = 0 */
 145               	.L__stack_usage = 0
 146               		.loc 1 131 43 view .LVU18
 147 0000 682F      		mov r22,r24
 148 0002 82E0      		ldi r24,lo8(2)
 149 0004 90E0      		ldi r25,0
 150               	.LVL6:
 151               		.loc 1 131 43 is_stmt 0 view .LVU19
 152 0006 0C94 0000 		jmp eeprom_update_byte
 153               	.LVL7:
 154               		.loc 1 131 43 view .LVU20
 155               		.cfi_endproc
 156               	.LFE13:
 158               		.section	.text.eeconfig_read_default_layer,"ax",@progbits
 159               	.global	eeconfig_read_default_layer
 161               	eeconfig_read_default_layer:
 162               	.LFB14:
 132:tmk_core/common/eeconfig.c **** 
 133:tmk_core/common/eeconfig.c **** /** \brief eeconfig read default layer
 134:tmk_core/common/eeconfig.c ****  *
 135:tmk_core/common/eeconfig.c ****  * FIXME: needs doc
 136:tmk_core/common/eeconfig.c ****  */
 137:tmk_core/common/eeconfig.c **** uint8_t eeconfig_read_default_layer(void) { return eeprom_read_byte(EECONFIG_DEFAULT_LAYER); }
 163               		.loc 1 137 43 is_stmt 1 view -0
 164               		.cfi_startproc
 165               	/* prologue: function */
 166               	/* frame size = 0 */
 167               	/* stack size = 0 */
 168               	.L__stack_usage = 0
 169               		.loc 1 137 45 view .LVU22
 170               		.loc 1 137 52 is_stmt 0 view .LVU23
 171 0000 83E0      		ldi r24,lo8(3)
 172 0002 90E0      		ldi r25,0
 173 0004 0C94 0000 		jmp eeprom_read_byte
 174               	.LVL8:
 175               		.cfi_endproc
 176               	.LFE14:
 178               		.section	.text.eeconfig_update_default_layer,"ax",@progbits
 179               	.global	eeconfig_update_default_layer
 181               	eeconfig_update_default_layer:
 182               	.LVL9:
 183               	.LFB15:
 138:tmk_core/common/eeconfig.c **** /** \brief eeconfig update default layer
 139:tmk_core/common/eeconfig.c ****  *
 140:tmk_core/common/eeconfig.c ****  * FIXME: needs doc
 141:tmk_core/common/eeconfig.c ****  */
 142:tmk_core/common/eeconfig.c **** void eeconfig_update_default_layer(uint8_t val) { eeprom_update_byte(EECONFIG_DEFAULT_LAYER, val); 
 184               		.loc 1 142 49 is_stmt 1 view -0
 185               		.cfi_startproc
 186               	/* prologue: function */
 187               	/* frame size = 0 */
 188               	/* stack size = 0 */
 189               	.L__stack_usage = 0
 190               		.loc 1 142 51 view .LVU25
 191 0000 682F      		mov r22,r24
 192 0002 83E0      		ldi r24,lo8(3)
 193 0004 90E0      		ldi r25,0
 194               	.LVL10:
 195               		.loc 1 142 51 is_stmt 0 view .LVU26
 196 0006 0C94 0000 		jmp eeprom_update_byte
 197               	.LVL11:
 198               		.loc 1 142 51 view .LVU27
 199               		.cfi_endproc
 200               	.LFE15:
 202               		.section	.text.eeconfig_read_keymap,"ax",@progbits
 203               	.global	eeconfig_read_keymap
 205               	eeconfig_read_keymap:
 206               	.LFB16:
 143:tmk_core/common/eeconfig.c **** 
 144:tmk_core/common/eeconfig.c **** /** \brief eeconfig read keymap
 145:tmk_core/common/eeconfig.c ****  *
 146:tmk_core/common/eeconfig.c ****  * FIXME: needs doc
 147:tmk_core/common/eeconfig.c ****  */
 148:tmk_core/common/eeconfig.c **** uint16_t eeconfig_read_keymap(void) { return (eeprom_read_byte(EECONFIG_KEYMAP_LOWER_BYTE) | (eepro
 207               		.loc 1 148 37 is_stmt 1 view -0
 208               		.cfi_startproc
 209 0000 CF93      		push r28
 210               	.LCFI0:
 211               		.cfi_def_cfa_offset 3
 212               		.cfi_offset 28, -2
 213               	/* prologue: function */
 214               	/* frame size = 0 */
 215               	/* stack size = 1 */
 216               	.L__stack_usage = 1
 217               		.loc 1 148 39 view .LVU29
 218               		.loc 1 148 47 is_stmt 0 view .LVU30
 219 0002 84E0      		ldi r24,lo8(4)
 220 0004 90E0      		ldi r25,0
 221 0006 0E94 0000 		call eeprom_read_byte
 222               	.LVL12:
 223 000a C82F      		mov r28,r24
 224               		.loc 1 148 95 view .LVU31
 225 000c 82E2      		ldi r24,lo8(34)
 226 000e 90E0      		ldi r25,0
 227 0010 0E94 0000 		call eeprom_read_byte
 228               	.LVL13:
 229               		.loc 1 148 1 view .LVU32
 230 0014 982F      		mov r25,r24
 231 0016 8C2F      		mov r24,r28
 232               	/* epilogue start */
 233 0018 CF91      		pop r28
 234 001a 0895      		ret
 235               		.cfi_endproc
 236               	.LFE16:
 238               		.section	.text.eeconfig_update_keymap,"ax",@progbits
 239               	.global	eeconfig_update_keymap
 241               	eeconfig_update_keymap:
 242               	.LVL14:
 243               	.LFB17:
 149:tmk_core/common/eeconfig.c **** /** \brief eeconfig update keymap
 150:tmk_core/common/eeconfig.c ****  *
 151:tmk_core/common/eeconfig.c ****  * FIXME: needs doc
 152:tmk_core/common/eeconfig.c ****  */
 153:tmk_core/common/eeconfig.c **** void eeconfig_update_keymap(uint16_t val) {
 244               		.loc 1 153 43 is_stmt 1 view -0
 245               		.cfi_startproc
 246               		.loc 1 153 43 is_stmt 0 view .LVU34
 247 0000 CF93      		push r28
 248               	.LCFI1:
 249               		.cfi_def_cfa_offset 3
 250               		.cfi_offset 28, -2
 251               	/* prologue: function */
 252               	/* frame size = 0 */
 253               	/* stack size = 1 */
 254               	.L__stack_usage = 1
 255 0002 C92F      		mov r28,r25
 154:tmk_core/common/eeconfig.c ****     eeprom_update_byte(EECONFIG_KEYMAP_LOWER_BYTE, val & 0xFF);
 256               		.loc 1 154 5 is_stmt 1 view .LVU35
 257 0004 682F      		mov r22,r24
 258 0006 84E0      		ldi r24,lo8(4)
 259 0008 90E0      		ldi r25,0
 260               	.LVL15:
 261               		.loc 1 154 5 is_stmt 0 view .LVU36
 262 000a 0E94 0000 		call eeprom_update_byte
 263               	.LVL16:
 155:tmk_core/common/eeconfig.c ****     eeprom_update_byte(EECONFIG_KEYMAP_UPPER_BYTE, (val >> 8) & 0xFF);
 264               		.loc 1 155 5 is_stmt 1 view .LVU37
 265 000e 6C2F      		mov r22,r28
 266 0010 82E2      		ldi r24,lo8(34)
 267 0012 90E0      		ldi r25,0
 268               	/* epilogue start */
 156:tmk_core/common/eeconfig.c **** }
 269               		.loc 1 156 1 is_stmt 0 view .LVU38
 270 0014 CF91      		pop r28
 155:tmk_core/common/eeconfig.c ****     eeprom_update_byte(EECONFIG_KEYMAP_UPPER_BYTE, (val >> 8) & 0xFF);
 271               		.loc 1 155 5 view .LVU39
 272 0016 0C94 0000 		jmp eeprom_update_byte
 273               	.LVL17:
 274               		.cfi_endproc
 275               	.LFE17:
 277               		.section	.text.eeconfig_read_audio,"ax",@progbits
 278               	.global	eeconfig_read_audio
 280               	eeconfig_read_audio:
 281               	.LFB18:
 157:tmk_core/common/eeconfig.c **** 
 158:tmk_core/common/eeconfig.c **** /** \brief eeconfig read audio
 159:tmk_core/common/eeconfig.c ****  *
 160:tmk_core/common/eeconfig.c ****  * FIXME: needs doc
 161:tmk_core/common/eeconfig.c ****  */
 162:tmk_core/common/eeconfig.c **** uint8_t eeconfig_read_audio(void) { return eeprom_read_byte(EECONFIG_AUDIO); }
 282               		.loc 1 162 35 is_stmt 1 view -0
 283               		.cfi_startproc
 284               	/* prologue: function */
 285               	/* frame size = 0 */
 286               	/* stack size = 0 */
 287               	.L__stack_usage = 0
 288               		.loc 1 162 37 view .LVU41
 289               		.loc 1 162 44 is_stmt 0 view .LVU42
 290 0000 87E0      		ldi r24,lo8(7)
 291 0002 90E0      		ldi r25,0
 292 0004 0C94 0000 		jmp eeprom_read_byte
 293               	.LVL18:
 294               		.cfi_endproc
 295               	.LFE18:
 297               		.section	.text.eeconfig_update_audio,"ax",@progbits
 298               	.global	eeconfig_update_audio
 300               	eeconfig_update_audio:
 301               	.LVL19:
 302               	.LFB19:
 163:tmk_core/common/eeconfig.c **** /** \brief eeconfig update audio
 164:tmk_core/common/eeconfig.c ****  *
 165:tmk_core/common/eeconfig.c ****  * FIXME: needs doc
 166:tmk_core/common/eeconfig.c ****  */
 167:tmk_core/common/eeconfig.c **** void eeconfig_update_audio(uint8_t val) { eeprom_update_byte(EECONFIG_AUDIO, val); }
 303               		.loc 1 167 41 is_stmt 1 view -0
 304               		.cfi_startproc
 305               	/* prologue: function */
 306               	/* frame size = 0 */
 307               	/* stack size = 0 */
 308               	.L__stack_usage = 0
 309               		.loc 1 167 43 view .LVU44
 310 0000 682F      		mov r22,r24
 311 0002 87E0      		ldi r24,lo8(7)
 312 0004 90E0      		ldi r25,0
 313               	.LVL20:
 314               		.loc 1 167 43 is_stmt 0 view .LVU45
 315 0006 0C94 0000 		jmp eeprom_update_byte
 316               	.LVL21:
 317               		.loc 1 167 43 view .LVU46
 318               		.cfi_endproc
 319               	.LFE19:
 321               		.section	.text.eeconfig_read_kb,"ax",@progbits
 322               	.global	eeconfig_read_kb
 324               	eeconfig_read_kb:
 325               	.LFB20:
 168:tmk_core/common/eeconfig.c **** 
 169:tmk_core/common/eeconfig.c **** /** \brief eeconfig read kb
 170:tmk_core/common/eeconfig.c ****  *
 171:tmk_core/common/eeconfig.c ****  * FIXME: needs doc
 172:tmk_core/common/eeconfig.c ****  */
 173:tmk_core/common/eeconfig.c **** uint32_t eeconfig_read_kb(void) { return eeprom_read_dword(EECONFIG_KEYBOARD); }
 326               		.loc 1 173 33 is_stmt 1 view -0
 327               		.cfi_startproc
 328               	/* prologue: function */
 329               	/* frame size = 0 */
 330               	/* stack size = 0 */
 331               	.L__stack_usage = 0
 332               		.loc 1 173 35 view .LVU48
 333               		.loc 1 173 42 is_stmt 0 view .LVU49
 334 0000 8FE0      		ldi r24,lo8(15)
 335 0002 90E0      		ldi r25,0
 336 0004 0C94 0000 		jmp eeprom_read_dword
 337               	.LVL22:
 338               		.cfi_endproc
 339               	.LFE20:
 341               		.section	.text.eeconfig_update_kb,"ax",@progbits
 342               	.global	eeconfig_update_kb
 344               	eeconfig_update_kb:
 345               	.LVL23:
 346               	.LFB21:
 174:tmk_core/common/eeconfig.c **** /** \brief eeconfig update kb
 175:tmk_core/common/eeconfig.c ****  *
 176:tmk_core/common/eeconfig.c ****  * FIXME: needs doc
 177:tmk_core/common/eeconfig.c ****  */
 178:tmk_core/common/eeconfig.c **** void eeconfig_update_kb(uint32_t val) { eeprom_update_dword(EECONFIG_KEYBOARD, val); }
 347               		.loc 1 178 39 is_stmt 1 view -0
 348               		.cfi_startproc
 349               	/* prologue: function */
 350               	/* frame size = 0 */
 351               	/* stack size = 0 */
 352               	.L__stack_usage = 0
 353               		.loc 1 178 39 is_stmt 0 view .LVU51
 354 0000 AB01      		movw r20,r22
 355 0002 BC01      		movw r22,r24
 356               	.LVL24:
 357               		.loc 1 178 41 is_stmt 1 view .LVU52
 358 0004 8FE0      		ldi r24,lo8(15)
 359 0006 90E0      		ldi r25,0
 360 0008 0C94 0000 		jmp eeprom_update_dword
 361               	.LVL25:
 362               		.cfi_endproc
 363               	.LFE21:
 365               		.section	.text.eeconfig_read_user,"ax",@progbits
 366               	.global	eeconfig_read_user
 368               	eeconfig_read_user:
 369               	.LFB22:
 179:tmk_core/common/eeconfig.c **** 
 180:tmk_core/common/eeconfig.c **** /** \brief eeconfig read user
 181:tmk_core/common/eeconfig.c ****  *
 182:tmk_core/common/eeconfig.c ****  * FIXME: needs doc
 183:tmk_core/common/eeconfig.c ****  */
 184:tmk_core/common/eeconfig.c **** uint32_t eeconfig_read_user(void) { return eeprom_read_dword(EECONFIG_USER); }
 370               		.loc 1 184 35 view -0
 371               		.cfi_startproc
 372               	/* prologue: function */
 373               	/* frame size = 0 */
 374               	/* stack size = 0 */
 375               	.L__stack_usage = 0
 376               		.loc 1 184 37 view .LVU54
 377               		.loc 1 184 44 is_stmt 0 view .LVU55
 378 0000 83E1      		ldi r24,lo8(19)
 379 0002 90E0      		ldi r25,0
 380 0004 0C94 0000 		jmp eeprom_read_dword
 381               	.LVL26:
 382               		.cfi_endproc
 383               	.LFE22:
 385               		.section	.text.eeconfig_update_user,"ax",@progbits
 386               	.global	eeconfig_update_user
 388               	eeconfig_update_user:
 389               	.LVL27:
 390               	.LFB23:
 185:tmk_core/common/eeconfig.c **** /** \brief eeconfig update user
 186:tmk_core/common/eeconfig.c ****  *
 187:tmk_core/common/eeconfig.c ****  * FIXME: needs doc
 188:tmk_core/common/eeconfig.c ****  */
 189:tmk_core/common/eeconfig.c **** void eeconfig_update_user(uint32_t val) { eeprom_update_dword(EECONFIG_USER, val); }
 391               		.loc 1 189 41 is_stmt 1 view -0
 392               		.cfi_startproc
 393               	/* prologue: function */
 394               	/* frame size = 0 */
 395               	/* stack size = 0 */
 396               	.L__stack_usage = 0
 397               		.loc 1 189 41 is_stmt 0 view .LVU57
 398 0000 AB01      		movw r20,r22
 399 0002 BC01      		movw r22,r24
 400               	.LVL28:
 401               		.loc 1 189 43 is_stmt 1 view .LVU58
 402 0004 83E1      		ldi r24,lo8(19)
 403 0006 90E0      		ldi r25,0
 404 0008 0C94 0000 		jmp eeprom_update_dword
 405               	.LVL29:
 406               		.cfi_endproc
 407               	.LFE23:
 409               		.section	.text.eeconfig_init_user,"ax",@progbits
 410               		.weak	eeconfig_init_user
 412               	eeconfig_init_user:
 413               	.LFB4:
  24:tmk_core/common/eeconfig.c ****     // Reset user EEPROM value to blank, rather than to a set value
 414               		.loc 1 24 53 view -0
 415               		.cfi_startproc
 416               	/* prologue: function */
 417               	/* frame size = 0 */
 418               	/* stack size = 0 */
 419               	.L__stack_usage = 0
  26:tmk_core/common/eeconfig.c **** }
 420               		.loc 1 26 5 view .LVU60
 421 0000 60E0      		ldi r22,0
 422 0002 70E0      		ldi r23,0
 423 0004 CB01      		movw r24,r22
 424 0006 0C94 0000 		jmp eeconfig_update_user
 425               	.LVL30:
 426               		.cfi_endproc
 427               	.LFE4:
 429               		.section	.text.eeconfig_init_kb,"ax",@progbits
 430               		.weak	eeconfig_init_kb
 432               	eeconfig_init_kb:
 433               	.LFB5:
  29:tmk_core/common/eeconfig.c ****     // Reset Keyboard EEPROM value to blank, rather than to a set value
 434               		.loc 1 29 51 view -0
 435               		.cfi_startproc
 436               	/* prologue: function */
 437               	/* frame size = 0 */
 438               	/* stack size = 0 */
 439               	.L__stack_usage = 0
  31:tmk_core/common/eeconfig.c **** 
 440               		.loc 1 31 5 view .LVU62
 441 0000 60E0      		ldi r22,0
 442 0002 70E0      		ldi r23,0
 443 0004 CB01      		movw r24,r22
 444 0006 0E94 0000 		call eeconfig_update_kb
 445               	.LVL31:
  33:tmk_core/common/eeconfig.c **** }
 446               		.loc 1 33 5 view .LVU63
 447 000a 0C94 0000 		jmp eeconfig_init_user
 448               	.LVL32:
 449               		.cfi_endproc
 450               	.LFE5:
 452               		.section	.text.eeconfig_init_quantum,"ax",@progbits
 453               	.global	eeconfig_init_quantum
 455               	eeconfig_init_quantum:
 456               	.LFB6:
  39:tmk_core/common/eeconfig.c **** #ifdef STM32_EEPROM_ENABLE
 457               		.loc 1 39 34 view -0
 458               		.cfi_startproc
 459               	/* prologue: function */
 460               	/* frame size = 0 */
 461               	/* stack size = 0 */
 462               	.L__stack_usage = 0
  46:tmk_core/common/eeconfig.c ****     eeprom_update_byte(EECONFIG_DEBUG, 0);
 463               		.loc 1 46 5 view .LVU65
 464 0000 6AEE      		ldi r22,lo8(-22)
 465 0002 7EEF      		ldi r23,lo8(-2)
 466 0004 90E0      		ldi r25,0
 467 0006 80E0      		ldi r24,0
 468 0008 0E94 0000 		call eeprom_update_word
 469               	.LVL33:
  47:tmk_core/common/eeconfig.c ****     eeprom_update_byte(EECONFIG_DEFAULT_LAYER, 0);
 470               		.loc 1 47 5 view .LVU66
 471 000c 60E0      		ldi r22,0
 472 000e 82E0      		ldi r24,lo8(2)
 473 0010 90E0      		ldi r25,0
 474 0012 0E94 0000 		call eeprom_update_byte
 475               	.LVL34:
  48:tmk_core/common/eeconfig.c ****     default_layer_state = 0;
 476               		.loc 1 48 5 view .LVU67
 477 0016 60E0      		ldi r22,0
 478 0018 83E0      		ldi r24,lo8(3)
 479 001a 90E0      		ldi r25,0
 480 001c 0E94 0000 		call eeprom_update_byte
 481               	.LVL35:
  49:tmk_core/common/eeconfig.c ****     eeprom_update_byte(EECONFIG_KEYMAP_LOWER_BYTE, 0);
 482               		.loc 1 49 5 view .LVU68
  49:tmk_core/common/eeconfig.c ****     eeprom_update_byte(EECONFIG_KEYMAP_LOWER_BYTE, 0);
 483               		.loc 1 49 25 is_stmt 0 view .LVU69
 484 0020 1092 0000 		sts default_layer_state,__zero_reg__
 485 0024 1092 0000 		sts default_layer_state+1,__zero_reg__
 486 0028 1092 0000 		sts default_layer_state+2,__zero_reg__
 487 002c 1092 0000 		sts default_layer_state+3,__zero_reg__
  50:tmk_core/common/eeconfig.c ****     eeprom_update_byte(EECONFIG_KEYMAP_UPPER_BYTE, 0);
 488               		.loc 1 50 5 is_stmt 1 view .LVU70
 489 0030 60E0      		ldi r22,0
 490 0032 84E0      		ldi r24,lo8(4)
 491 0034 90E0      		ldi r25,0
 492 0036 0E94 0000 		call eeprom_update_byte
 493               	.LVL36:
  51:tmk_core/common/eeconfig.c ****     eeprom_update_byte(EECONFIG_MOUSEKEY_ACCEL, 0);
 494               		.loc 1 51 5 view .LVU71
 495 003a 60E0      		ldi r22,0
 496 003c 82E2      		ldi r24,lo8(34)
 497 003e 90E0      		ldi r25,0
 498 0040 0E94 0000 		call eeprom_update_byte
 499               	.LVL37:
  52:tmk_core/common/eeconfig.c ****     eeprom_update_byte(EECONFIG_BACKLIGHT, 0);
 500               		.loc 1 52 5 view .LVU72
 501 0044 60E0      		ldi r22,0
 502 0046 85E0      		ldi r24,lo8(5)
 503 0048 90E0      		ldi r25,0
 504 004a 0E94 0000 		call eeprom_update_byte
 505               	.LVL38:
  53:tmk_core/common/eeconfig.c ****     eeprom_update_byte(EECONFIG_AUDIO, 0xFF);  // On by default
 506               		.loc 1 53 5 view .LVU73
 507 004e 60E0      		ldi r22,0
 508 0050 86E0      		ldi r24,lo8(6)
 509 0052 90E0      		ldi r25,0
 510 0054 0E94 0000 		call eeprom_update_byte
 511               	.LVL39:
  54:tmk_core/common/eeconfig.c ****     eeprom_update_dword(EECONFIG_RGBLIGHT, 0);
 512               		.loc 1 54 5 view .LVU74
 513 0058 6FEF      		ldi r22,lo8(-1)
 514 005a 87E0      		ldi r24,lo8(7)
 515 005c 90E0      		ldi r25,0
 516 005e 0E94 0000 		call eeprom_update_byte
 517               	.LVL40:
  55:tmk_core/common/eeconfig.c ****     eeprom_update_byte(EECONFIG_STENOMODE, 0);
 518               		.loc 1 55 5 view .LVU75
 519 0062 40E0      		ldi r20,0
 520 0064 50E0      		ldi r21,0
 521 0066 BA01      		movw r22,r20
 522 0068 88E0      		ldi r24,lo8(8)
 523 006a 90E0      		ldi r25,0
 524 006c 0E94 0000 		call eeprom_update_dword
 525               	.LVL41:
  56:tmk_core/common/eeconfig.c ****     eeprom_update_dword(EECONFIG_HAPTIC, 0);
 526               		.loc 1 56 5 view .LVU76
 527 0070 60E0      		ldi r22,0
 528 0072 8DE0      		ldi r24,lo8(13)
 529 0074 90E0      		ldi r25,0
 530 0076 0E94 0000 		call eeprom_update_byte
 531               	.LVL42:
  57:tmk_core/common/eeconfig.c ****     eeprom_update_byte(EECONFIG_VELOCIKEY, 0);
 532               		.loc 1 57 5 view .LVU77
 533 007a 40E0      		ldi r20,0
 534 007c 50E0      		ldi r21,0
 535 007e BA01      		movw r22,r20
 536 0080 88E1      		ldi r24,lo8(24)
 537 0082 90E0      		ldi r25,0
 538 0084 0E94 0000 		call eeprom_update_dword
 539               	.LVL43:
  58:tmk_core/common/eeconfig.c ****     eeprom_update_dword(EECONFIG_RGB_MATRIX, 0);
 540               		.loc 1 58 5 view .LVU78
 541 0088 60E0      		ldi r22,0
 542 008a 87E1      		ldi r24,lo8(23)
 543 008c 90E0      		ldi r25,0
 544 008e 0E94 0000 		call eeprom_update_byte
 545               	.LVL44:
  59:tmk_core/common/eeconfig.c ****     eeprom_update_word(EECONFIG_RGB_MATRIX_EXTENDED, 0);
 546               		.loc 1 59 5 view .LVU79
 547 0092 40E0      		ldi r20,0
 548 0094 50E0      		ldi r21,0
 549 0096 BA01      		movw r22,r20
 550 0098 8CE1      		ldi r24,lo8(28)
 551 009a 90E0      		ldi r25,0
 552 009c 0E94 0000 		call eeprom_update_dword
 553               	.LVL45:
  60:tmk_core/common/eeconfig.c **** 
 554               		.loc 1 60 5 view .LVU80
 555 00a0 70E0      		ldi r23,0
 556 00a2 60E0      		ldi r22,0
 557 00a4 80E2      		ldi r24,lo8(32)
 558 00a6 90E0      		ldi r25,0
 559 00a8 0E94 0000 		call eeprom_update_word
 560               	.LVL46:
  78:tmk_core/common/eeconfig.c **** #endif
 561               		.loc 1 78 5 view .LVU81
 562 00ac 40E0      		ldi r20,0
 563 00ae 50E0      		ldi r21,0
 564 00b0 BA01      		movw r22,r20
 565 00b2 88E1      		ldi r24,lo8(24)
 566 00b4 90E0      		ldi r25,0
 567 00b6 0E94 0000 		call eeprom_update_dword
 568               	.LVL47:
  81:tmk_core/common/eeconfig.c **** }
 569               		.loc 1 81 5 view .LVU82
 570 00ba 0C94 0000 		jmp eeconfig_init_kb
 571               	.LVL48:
 572               		.cfi_endproc
 573               	.LFE6:
 575               		.section	.text.eeconfig_init,"ax",@progbits
 576               	.global	eeconfig_init
 578               	eeconfig_init:
 579               	.LFB7:
  88:tmk_core/common/eeconfig.c **** 
 580               		.loc 1 88 26 view -0
 581               		.cfi_startproc
 582               	/* prologue: function */
 583               	/* frame size = 0 */
 584               	/* stack size = 0 */
 585               	.L__stack_usage = 0
  88:tmk_core/common/eeconfig.c **** 
 586               		.loc 1 88 28 view .LVU84
 587 0000 0C94 0000 		jmp eeconfig_init_quantum
 588               	.LVL49:
 589               		.cfi_endproc
 590               	.LFE7:
 592               		.section	.text.eeconfig_read_haptic,"ax",@progbits
 593               	.global	eeconfig_read_haptic
 595               	eeconfig_read_haptic:
 596               	.LFB24:
 190:tmk_core/common/eeconfig.c **** 
 191:tmk_core/common/eeconfig.c **** /** \brief eeconfig read haptic
 192:tmk_core/common/eeconfig.c ****  *
 193:tmk_core/common/eeconfig.c ****  * FIXME: needs doc
 194:tmk_core/common/eeconfig.c ****  */
 195:tmk_core/common/eeconfig.c **** uint32_t eeconfig_read_haptic(void) { return eeprom_read_dword(EECONFIG_HAPTIC); }
 597               		.loc 1 195 37 view -0
 598               		.cfi_startproc
 599               	/* prologue: function */
 600               	/* frame size = 0 */
 601               	/* stack size = 0 */
 602               	.L__stack_usage = 0
 603               		.loc 1 195 39 view .LVU86
 604               		.loc 1 195 46 is_stmt 0 view .LVU87
 605 0000 88E1      		ldi r24,lo8(24)
 606 0002 90E0      		ldi r25,0
 607 0004 0C94 0000 		jmp eeprom_read_dword
 608               	.LVL50:
 609               		.cfi_endproc
 610               	.LFE24:
 612               		.section	.text.eeconfig_update_haptic,"ax",@progbits
 613               	.global	eeconfig_update_haptic
 615               	eeconfig_update_haptic:
 616               	.LVL51:
 617               	.LFB25:
 196:tmk_core/common/eeconfig.c **** /** \brief eeconfig update haptic
 197:tmk_core/common/eeconfig.c ****  *
 198:tmk_core/common/eeconfig.c ****  * FIXME: needs doc
 199:tmk_core/common/eeconfig.c ****  */
 200:tmk_core/common/eeconfig.c **** void eeconfig_update_haptic(uint32_t val) { eeprom_update_dword(EECONFIG_HAPTIC, val); }
 618               		.loc 1 200 43 is_stmt 1 view -0
 619               		.cfi_startproc
 620               	/* prologue: function */
 621               	/* frame size = 0 */
 622               	/* stack size = 0 */
 623               	.L__stack_usage = 0
 624               		.loc 1 200 43 is_stmt 0 view .LVU89
 625 0000 AB01      		movw r20,r22
 626 0002 BC01      		movw r22,r24
 627               	.LVL52:
 628               		.loc 1 200 45 is_stmt 1 view .LVU90
 629 0004 88E1      		ldi r24,lo8(24)
 630 0006 90E0      		ldi r25,0
 631 0008 0C94 0000 		jmp eeprom_update_dword
 632               	.LVL53:
 633               		.cfi_endproc
 634               	.LFE25:
 636               		.section	.text.eeconfig_read_handedness,"ax",@progbits
 637               	.global	eeconfig_read_handedness
 639               	eeconfig_read_handedness:
 640               	.LFB26:
 201:tmk_core/common/eeconfig.c **** 
 202:tmk_core/common/eeconfig.c **** /** \brief eeconfig read split handedness
 203:tmk_core/common/eeconfig.c ****  *
 204:tmk_core/common/eeconfig.c ****  * FIXME: needs doc
 205:tmk_core/common/eeconfig.c ****  */
 206:tmk_core/common/eeconfig.c **** bool eeconfig_read_handedness(void) { return !!eeprom_read_byte(EECONFIG_HANDEDNESS); }
 641               		.loc 1 206 37 view -0
 642               		.cfi_startproc
 643               	/* prologue: function */
 644               	/* frame size = 0 */
 645               	/* stack size = 0 */
 646               	.L__stack_usage = 0
 647               		.loc 1 206 39 view .LVU92
 648               		.loc 1 206 48 is_stmt 0 view .LVU93
 649 0000 8EE0      		ldi r24,lo8(14)
 650 0002 90E0      		ldi r25,0
 651 0004 0E94 0000 		call eeprom_read_byte
 652               	.LVL54:
 653               		.loc 1 206 46 view .LVU94
 654 0008 91E0      		ldi r25,lo8(1)
 655 000a 8111      		cpse r24,__zero_reg__
 656 000c 00C0      		rjmp .L32
 657 000e 90E0      		ldi r25,0
 658               	.L32:
 659               		.loc 1 206 1 view .LVU95
 660 0010 892F      		mov r24,r25
 661               	/* epilogue start */
 662 0012 0895      		ret
 663               		.cfi_endproc
 664               	.LFE26:
 666               		.section	.text.eeconfig_update_handedness,"ax",@progbits
 667               	.global	eeconfig_update_handedness
 669               	eeconfig_update_handedness:
 670               	.LVL55:
 671               	.LFB27:
 207:tmk_core/common/eeconfig.c **** /** \brief eeconfig update split handedness
 208:tmk_core/common/eeconfig.c ****  *
 209:tmk_core/common/eeconfig.c ****  * FIXME: needs doc
 210:tmk_core/common/eeconfig.c ****  */
 211:tmk_core/common/eeconfig.c **** void eeconfig_update_handedness(bool val) { eeprom_update_byte(EECONFIG_HANDEDNESS, !!val); }
 672               		.loc 1 211 43 is_stmt 1 view -0
 673               		.cfi_startproc
 674               	/* prologue: function */
 675               	/* frame size = 0 */
 676               	/* stack size = 0 */
 677               	.L__stack_usage = 0
 678               		.loc 1 211 45 view .LVU97
 679 0000 682F      		mov r22,r24
 680 0002 8EE0      		ldi r24,lo8(14)
 681 0004 90E0      		ldi r25,0
 682               	.LVL56:
 683               		.loc 1 211 45 is_stmt 0 view .LVU98
 684 0006 0C94 0000 		jmp eeprom_update_byte
 685               	.LVL57:
 686               		.loc 1 211 45 view .LVU99
 687               		.cfi_endproc
 688               	.LFE27:
 690               		.text
 691               	.Letext0:
 692               		.file 2 "c:\\qmk_msys\\mingw64\\avr\\include\\stdint.h"
 693               		.file 3 "tmk_core/common/action_layer.h"
 694               		.file 4 "tmk_core/common/action.h"
 695               		.file 5 "c:\\qmk_msys\\mingw64\\avr\\include\\avr\\eeprom.h"
DEFINED SYMBOLS
                            *ABS*:0000000000000000 eeconfig.c
C:\Users\xue\AppData\Local\Temp\ccVmnqHk.s:2      *ABS*:000000000000003e __SP_H__
C:\Users\xue\AppData\Local\Temp\ccVmnqHk.s:3      *ABS*:000000000000003d __SP_L__
C:\Users\xue\AppData\Local\Temp\ccVmnqHk.s:4      *ABS*:000000000000003f __SREG__
C:\Users\xue\AppData\Local\Temp\ccVmnqHk.s:5      *ABS*:0000000000000000 __tmp_reg__
C:\Users\xue\AppData\Local\Temp\ccVmnqHk.s:6      *ABS*:0000000000000001 __zero_reg__
C:\Users\xue\AppData\Local\Temp\ccVmnqHk.s:13     .text.eeconfig_enable:0000000000000000 eeconfig_enable
C:\Users\xue\AppData\Local\Temp\ccVmnqHk.s:35     .text.eeconfig_disable:0000000000000000 eeconfig_disable
C:\Users\xue\AppData\Local\Temp\ccVmnqHk.s:56     .text.eeconfig_is_enabled:0000000000000000 eeconfig_is_enabled
C:\Users\xue\AppData\Local\Temp\ccVmnqHk.s:87     .text.eeconfig_is_disabled:0000000000000000 eeconfig_is_disabled
C:\Users\xue\AppData\Local\Temp\ccVmnqHk.s:117    .text.eeconfig_read_debug:0000000000000000 eeconfig_read_debug
C:\Users\xue\AppData\Local\Temp\ccVmnqHk.s:137    .text.eeconfig_update_debug:0000000000000000 eeconfig_update_debug
C:\Users\xue\AppData\Local\Temp\ccVmnqHk.s:161    .text.eeconfig_read_default_layer:0000000000000000 eeconfig_read_default_layer
C:\Users\xue\AppData\Local\Temp\ccVmnqHk.s:181    .text.eeconfig_update_default_layer:0000000000000000 eeconfig_update_default_layer
C:\Users\xue\AppData\Local\Temp\ccVmnqHk.s:205    .text.eeconfig_read_keymap:0000000000000000 eeconfig_read_keymap
C:\Users\xue\AppData\Local\Temp\ccVmnqHk.s:241    .text.eeconfig_update_keymap:0000000000000000 eeconfig_update_keymap
C:\Users\xue\AppData\Local\Temp\ccVmnqHk.s:280    .text.eeconfig_read_audio:0000000000000000 eeconfig_read_audio
C:\Users\xue\AppData\Local\Temp\ccVmnqHk.s:300    .text.eeconfig_update_audio:0000000000000000 eeconfig_update_audio
C:\Users\xue\AppData\Local\Temp\ccVmnqHk.s:324    .text.eeconfig_read_kb:0000000000000000 eeconfig_read_kb
C:\Users\xue\AppData\Local\Temp\ccVmnqHk.s:344    .text.eeconfig_update_kb:0000000000000000 eeconfig_update_kb
C:\Users\xue\AppData\Local\Temp\ccVmnqHk.s:368    .text.eeconfig_read_user:0000000000000000 eeconfig_read_user
C:\Users\xue\AppData\Local\Temp\ccVmnqHk.s:388    .text.eeconfig_update_user:0000000000000000 eeconfig_update_user
C:\Users\xue\AppData\Local\Temp\ccVmnqHk.s:412    .text.eeconfig_init_user:0000000000000000 eeconfig_init_user
C:\Users\xue\AppData\Local\Temp\ccVmnqHk.s:432    .text.eeconfig_init_kb:0000000000000000 eeconfig_init_kb
C:\Users\xue\AppData\Local\Temp\ccVmnqHk.s:455    .text.eeconfig_init_quantum:0000000000000000 eeconfig_init_quantum
C:\Users\xue\AppData\Local\Temp\ccVmnqHk.s:578    .text.eeconfig_init:0000000000000000 eeconfig_init
C:\Users\xue\AppData\Local\Temp\ccVmnqHk.s:595    .text.eeconfig_read_haptic:0000000000000000 eeconfig_read_haptic
C:\Users\xue\AppData\Local\Temp\ccVmnqHk.s:615    .text.eeconfig_update_haptic:0000000000000000 eeconfig_update_haptic
C:\Users\xue\AppData\Local\Temp\ccVmnqHk.s:639    .text.eeconfig_read_handedness:0000000000000000 eeconfig_read_handedness
C:\Users\xue\AppData\Local\Temp\ccVmnqHk.s:669    .text.eeconfig_update_handedness:0000000000000000 eeconfig_update_handedness

UNDEFINED SYMBOLS
eeprom_update_word
eeprom_read_word
eeprom_read_byte
eeprom_update_byte
eeprom_read_dword
eeprom_update_dword
default_layer_state
