   1               		.file	"report.c"
   2               	__SP_H__ = 0x3e
   3               	__SP_L__ = 0x3d
   4               	__SREG__ = 0x3f
   5               	__tmp_reg__ = 0
   6               	__zero_reg__ = 1
   7               		.text
   8               	.Ltext0:
   9               		.cfi_sections	.debug_frame
  10               		.section	.text.has_anykey,"ax",@progbits
  11               	.global	has_anykey
  13               	has_anykey:
  14               	.LVL0:
  15               	.LFB3:
  16               		.file 1 "tmk_core/common/report.c"
   1:tmk_core/common/report.c **** /* Copyright 2017 Fred Sundvik
   2:tmk_core/common/report.c ****  *
   3:tmk_core/common/report.c ****  * This program is free software: you can redistribute it and/or modify
   4:tmk_core/common/report.c ****  * it under the terms of the GNU General Public License as published by
   5:tmk_core/common/report.c ****  * the Free Software Foundation, either version 2 of the License, or
   6:tmk_core/common/report.c ****  * (at your option) any later version.
   7:tmk_core/common/report.c ****  *
   8:tmk_core/common/report.c ****  * This program is distributed in the hope that it will be useful,
   9:tmk_core/common/report.c ****  * but WITHOUT ANY WARRANTY; without even the implied warranty of
  10:tmk_core/common/report.c ****  * MERCHANTABILITY or FITNESS FOR A PARTICULAR PURPOSE.  See the
  11:tmk_core/common/report.c ****  * GNU General Public License for more details.
  12:tmk_core/common/report.c ****  *
  13:tmk_core/common/report.c ****  * You should have received a copy of the GNU General Public License
  14:tmk_core/common/report.c ****  * along with this program.  If not, see <http://www.gnu.org/licenses/>.
  15:tmk_core/common/report.c ****  */
  16:tmk_core/common/report.c **** 
  17:tmk_core/common/report.c **** #include "report.h"
  18:tmk_core/common/report.c **** #include "host.h"
  19:tmk_core/common/report.c **** #include "keycode_config.h"
  20:tmk_core/common/report.c **** #include "debug.h"
  21:tmk_core/common/report.c **** #include "util.h"
  22:tmk_core/common/report.c **** #include <string.h>
  23:tmk_core/common/report.c **** 
  24:tmk_core/common/report.c **** /** \brief has_anykey
  25:tmk_core/common/report.c ****  *
  26:tmk_core/common/report.c ****  * FIXME: Needs doc
  27:tmk_core/common/report.c ****  */
  28:tmk_core/common/report.c **** uint8_t has_anykey(report_keyboard_t* keyboard_report) {
  17               		.loc 1 28 56 view -0
  18               		.cfi_startproc
  19               	/* prologue: function */
  20               	/* frame size = 0 */
  21               	/* stack size = 0 */
  22               	.L__stack_usage = 0
  29:tmk_core/common/report.c ****     uint8_t  cnt = 0;
  23               		.loc 1 29 5 view .LVU1
  30:tmk_core/common/report.c ****     uint8_t* p   = keyboard_report->keys;
  24               		.loc 1 30 5 view .LVU2
  25               		.loc 1 30 14 is_stmt 0 view .LVU3
  26 0000 9C01      		movw r18,r24
  27 0002 2E5F      		subi r18,-2
  28 0004 3F4F      		sbci r19,-1
  29               	.LVL1:
  31:tmk_core/common/report.c ****     uint8_t  lp  = sizeof(keyboard_report->keys);
  30               		.loc 1 31 5 is_stmt 1 view .LVU4
  32:tmk_core/common/report.c **** #ifdef NKRO_ENABLE
  33:tmk_core/common/report.c ****     if (keyboard_protocol && keymap_config.nkro) {
  34:tmk_core/common/report.c ****         p  = keyboard_report->nkro.bits;
  35:tmk_core/common/report.c ****         lp = sizeof(keyboard_report->nkro.bits);
  36:tmk_core/common/report.c ****     }
  37:tmk_core/common/report.c **** #endif
  38:tmk_core/common/report.c ****     while (lp--) {
  31               		.loc 1 38 5 view .LVU5
  32 0006 AC01      		movw r20,r24
  33 0008 485F      		subi r20,-8
  34 000a 5F4F      		sbci r21,-1
  29:tmk_core/common/report.c ****     uint8_t* p   = keyboard_report->keys;
  35               		.loc 1 29 14 is_stmt 0 view .LVU6
  36 000c 80E0      		ldi r24,0
  37               	.LVL2:
  38               	.L2:
  39               		.loc 1 38 11 is_stmt 1 view .LVU7
  40               		.loc 1 38 11 is_stmt 0 view .LVU8
  41 000e 2417      		cp r18,r20
  42 0010 3507      		cpc r19,r21
  43 0012 01F4      		brne .L4
  44               	/* epilogue start */
  39:tmk_core/common/report.c ****         if (*p++) cnt++;
  40:tmk_core/common/report.c ****     }
  41:tmk_core/common/report.c ****     return cnt;
  42:tmk_core/common/report.c **** }
  45               		.loc 1 42 1 view .LVU9
  46 0014 0895      		ret
  47               	.L4:
  39:tmk_core/common/report.c ****         if (*p++) cnt++;
  48               		.loc 1 39 9 is_stmt 1 view .LVU10
  39:tmk_core/common/report.c ****         if (*p++) cnt++;
  49               		.loc 1 39 12 is_stmt 0 view .LVU11
  50 0016 F901      		movw r30,r18
  51 0018 9191      		ld r25,Z+
  52 001a 9F01      		movw r18,r30
  53               	.LVL3:
  39:tmk_core/common/report.c ****         if (*p++) cnt++;
  54               		.loc 1 39 12 view .LVU12
  55 001c 9923      		tst r25
  56 001e 01F0      		breq .L2
  39:tmk_core/common/report.c ****         if (*p++) cnt++;
  57               		.loc 1 39 19 is_stmt 1 discriminator 1 view .LVU13
  39:tmk_core/common/report.c ****         if (*p++) cnt++;
  58               		.loc 1 39 22 is_stmt 0 discriminator 1 view .LVU14
  59 0020 8F5F      		subi r24,lo8(-(1))
  60               	.LVL4:
  39:tmk_core/common/report.c ****         if (*p++) cnt++;
  61               		.loc 1 39 22 discriminator 1 view .LVU15
  62 0022 00C0      		rjmp .L2
  63               		.cfi_endproc
  64               	.LFE3:
  66               		.section	.text.get_first_key,"ax",@progbits
  67               	.global	get_first_key
  69               	get_first_key:
  70               	.LVL5:
  71               	.LFB4:
  43:tmk_core/common/report.c **** 
  44:tmk_core/common/report.c **** /** \brief get_first_key
  45:tmk_core/common/report.c ****  *
  46:tmk_core/common/report.c ****  * FIXME: Needs doc
  47:tmk_core/common/report.c ****  */
  48:tmk_core/common/report.c **** uint8_t get_first_key(report_keyboard_t* keyboard_report) {
  72               		.loc 1 48 59 is_stmt 1 view -0
  73               		.cfi_startproc
  74               	/* prologue: function */
  75               	/* frame size = 0 */
  76               	/* stack size = 0 */
  77               	.L__stack_usage = 0
  49:tmk_core/common/report.c **** #ifdef NKRO_ENABLE
  50:tmk_core/common/report.c ****     if (keyboard_protocol && keymap_config.nkro) {
  51:tmk_core/common/report.c ****         uint8_t i = 0;
  52:tmk_core/common/report.c ****         for (; i < KEYBOARD_REPORT_BITS && !keyboard_report->nkro.bits[i]; i++)
  53:tmk_core/common/report.c ****             ;
  54:tmk_core/common/report.c ****         return i << 3 | biton(keyboard_report->nkro.bits[i]);
  55:tmk_core/common/report.c ****     }
  56:tmk_core/common/report.c **** #endif
  57:tmk_core/common/report.c **** #ifdef USB_6KRO_ENABLE
  58:tmk_core/common/report.c ****     uint8_t i = cb_head;
  59:tmk_core/common/report.c ****     do {
  60:tmk_core/common/report.c ****         if (keyboard_report->keys[i] != 0) {
  61:tmk_core/common/report.c ****             break;
  62:tmk_core/common/report.c ****         }
  63:tmk_core/common/report.c ****         i = RO_INC(i);
  64:tmk_core/common/report.c ****     } while (i != cb_tail);
  65:tmk_core/common/report.c ****     return keyboard_report->keys[i];
  66:tmk_core/common/report.c **** #else
  67:tmk_core/common/report.c ****     return keyboard_report->keys[0];
  78               		.loc 1 67 5 view .LVU17
  68:tmk_core/common/report.c **** #endif
  69:tmk_core/common/report.c **** }
  79               		.loc 1 69 1 is_stmt 0 view .LVU18
  80 0000 FC01      		movw r30,r24
  81 0002 8281      		ldd r24,Z+2
  82               	.LVL6:
  83               	/* epilogue start */
  84               		.loc 1 69 1 view .LVU19
  85 0004 0895      		ret
  86               		.cfi_endproc
  87               	.LFE4:
  89               		.section	.text.is_key_pressed,"ax",@progbits
  90               	.global	is_key_pressed
  92               	is_key_pressed:
  93               	.LVL7:
  94               	.LFB5:
  70:tmk_core/common/report.c **** 
  71:tmk_core/common/report.c **** /** \brief Checks if a key is pressed in the report
  72:tmk_core/common/report.c ****  *
  73:tmk_core/common/report.c ****  * Returns true if the keyboard_report reports that the key is pressed, otherwise false
  74:tmk_core/common/report.c ****  * Note: The function doesn't support modifers currently, and it returns false for KC_NO
  75:tmk_core/common/report.c ****  */
  76:tmk_core/common/report.c **** bool is_key_pressed(report_keyboard_t* keyboard_report, uint8_t key) {
  95               		.loc 1 76 70 is_stmt 1 view -0
  96               		.cfi_startproc
  97               	/* prologue: function */
  98               	/* frame size = 0 */
  99               	/* stack size = 0 */
 100               	.L__stack_usage = 0
  77:tmk_core/common/report.c ****     if (key == KC_NO) {
 101               		.loc 1 77 5 view .LVU21
 102               		.loc 1 77 8 is_stmt 0 view .LVU22
 103 0000 6623      		tst r22
 104 0002 01F0      		breq .L12
 105 0004 FC01      		movw r30,r24
 106 0006 3296      		adiw r30,2
 107 0008 0896      		adiw r24,8
 108               	.LVL8:
 109               	.L11:
 110               	.LBB2:
  78:tmk_core/common/report.c ****         return false;
  79:tmk_core/common/report.c ****     }
  80:tmk_core/common/report.c **** #ifdef NKRO_ENABLE
  81:tmk_core/common/report.c ****     if (keyboard_protocol && keymap_config.nkro) {
  82:tmk_core/common/report.c ****         if ((key >> 3) < KEYBOARD_REPORT_BITS) {
  83:tmk_core/common/report.c ****             return keyboard_report->nkro.bits[key >> 3] & 1 << (key & 7);
  84:tmk_core/common/report.c ****         } else {
  85:tmk_core/common/report.c ****             return false;
  86:tmk_core/common/report.c ****         }
  87:tmk_core/common/report.c ****     }
  88:tmk_core/common/report.c **** #endif
  89:tmk_core/common/report.c ****     for (int i = 0; i < KEYBOARD_REPORT_KEYS; i++) {
  90:tmk_core/common/report.c ****         if (keyboard_report->keys[i] == key) {
 111               		.loc 1 90 9 is_stmt 1 view .LVU23
 112               		.loc 1 90 34 is_stmt 0 view .LVU24
 113 000a 2191      		ld r18,Z+
 114               	.LVL9:
 115               		.loc 1 90 12 view .LVU25
 116 000c 2617      		cp r18,r22
 117 000e 01F0      		breq .L13
  89:tmk_core/common/report.c ****         if (keyboard_report->keys[i] == key) {
 118               		.loc 1 89 47 is_stmt 1 discriminator 2 view .LVU26
 119               	.LVL10:
  89:tmk_core/common/report.c ****         if (keyboard_report->keys[i] == key) {
 120               		.loc 1 89 21 discriminator 2 view .LVU27
  89:tmk_core/common/report.c ****         if (keyboard_report->keys[i] == key) {
 121               		.loc 1 89 5 is_stmt 0 discriminator 2 view .LVU28
 122 0010 E817      		cp r30,r24
 123 0012 F907      		cpc r31,r25
 124 0014 01F4      		brne .L11
 125               	.LVL11:
 126               	.L12:
  89:tmk_core/common/report.c ****         if (keyboard_report->keys[i] == key) {
 127               		.loc 1 89 5 discriminator 2 view .LVU29
 128               	.LBE2:
  78:tmk_core/common/report.c ****         return false;
 129               		.loc 1 78 16 view .LVU30
 130 0016 80E0      		ldi r24,0
 131 0018 0895      		ret
 132               	.LVL12:
 133               	.L13:
 134               	.LBB3:
  91:tmk_core/common/report.c ****             return true;
 135               		.loc 1 91 20 view .LVU31
 136 001a 81E0      		ldi r24,lo8(1)
 137               	/* epilogue start */
 138               	.LBE3:
  92:tmk_core/common/report.c ****         }
  93:tmk_core/common/report.c ****     }
  94:tmk_core/common/report.c ****     return false;
  95:tmk_core/common/report.c **** }
 139               		.loc 1 95 1 view .LVU32
 140 001c 0895      		ret
 141               		.cfi_endproc
 142               	.LFE5:
 144               		.section	.text.add_key_byte,"ax",@progbits
 145               	.global	add_key_byte
 147               	add_key_byte:
 148               	.LVL13:
 149               	.LFB6:
  96:tmk_core/common/report.c **** 
  97:tmk_core/common/report.c **** /** \brief add key byte
  98:tmk_core/common/report.c ****  *
  99:tmk_core/common/report.c ****  * FIXME: Needs doc
 100:tmk_core/common/report.c ****  */
 101:tmk_core/common/report.c **** void add_key_byte(report_keyboard_t* keyboard_report, uint8_t code) {
 150               		.loc 1 101 69 is_stmt 1 view -0
 151               		.cfi_startproc
 152               	/* prologue: function */
 153               	/* frame size = 0 */
 154               	/* stack size = 0 */
 155               	.L__stack_usage = 0
 156               		.loc 1 101 69 is_stmt 0 view .LVU34
 157 0000 9C01      		movw r18,r24
 102:tmk_core/common/report.c **** #ifdef USB_6KRO_ENABLE
 103:tmk_core/common/report.c ****     int8_t i     = cb_head;
 104:tmk_core/common/report.c ****     int8_t empty = -1;
 105:tmk_core/common/report.c ****     if (cb_count) {
 106:tmk_core/common/report.c ****         do {
 107:tmk_core/common/report.c ****             if (keyboard_report->keys[i] == code) {
 108:tmk_core/common/report.c ****                 return;
 109:tmk_core/common/report.c ****             }
 110:tmk_core/common/report.c ****             if (empty == -1 && keyboard_report->keys[i] == 0) {
 111:tmk_core/common/report.c ****                 empty = i;
 112:tmk_core/common/report.c ****             }
 113:tmk_core/common/report.c ****             i = RO_INC(i);
 114:tmk_core/common/report.c ****         } while (i != cb_tail);
 115:tmk_core/common/report.c ****         if (i == cb_tail) {
 116:tmk_core/common/report.c ****             if (cb_tail == cb_head) {
 117:tmk_core/common/report.c ****                 // buffer is full
 118:tmk_core/common/report.c ****                 if (empty == -1) {
 119:tmk_core/common/report.c ****                     // pop head when has no empty space
 120:tmk_core/common/report.c ****                     cb_head = RO_INC(cb_head);
 121:tmk_core/common/report.c ****                     cb_count--;
 122:tmk_core/common/report.c ****                 } else {
 123:tmk_core/common/report.c ****                     // left shift when has empty space
 124:tmk_core/common/report.c ****                     uint8_t offset = 1;
 125:tmk_core/common/report.c ****                     i              = RO_INC(empty);
 126:tmk_core/common/report.c ****                     do {
 127:tmk_core/common/report.c ****                         if (keyboard_report->keys[i] != 0) {
 128:tmk_core/common/report.c ****                             keyboard_report->keys[empty] = keyboard_report->keys[i];
 129:tmk_core/common/report.c ****                             keyboard_report->keys[i]     = 0;
 130:tmk_core/common/report.c ****                             empty                        = RO_INC(empty);
 131:tmk_core/common/report.c ****                         } else {
 132:tmk_core/common/report.c ****                             offset++;
 133:tmk_core/common/report.c ****                         }
 134:tmk_core/common/report.c ****                         i = RO_INC(i);
 135:tmk_core/common/report.c ****                     } while (i != cb_tail);
 136:tmk_core/common/report.c ****                     cb_tail = RO_SUB(cb_tail, offset);
 137:tmk_core/common/report.c ****                 }
 138:tmk_core/common/report.c ****             }
 139:tmk_core/common/report.c ****         }
 140:tmk_core/common/report.c ****     }
 141:tmk_core/common/report.c ****     // add to tail
 142:tmk_core/common/report.c ****     keyboard_report->keys[cb_tail] = code;
 143:tmk_core/common/report.c ****     cb_tail                        = RO_INC(cb_tail);
 144:tmk_core/common/report.c ****     cb_count++;
 145:tmk_core/common/report.c **** #else
 146:tmk_core/common/report.c ****     int8_t i     = 0;
 158               		.loc 1 146 5 is_stmt 1 view .LVU35
 159               	.LVL14:
 147:tmk_core/common/report.c ****     int8_t empty = -1;
 160               		.loc 1 147 5 view .LVU36
 148:tmk_core/common/report.c ****     for (; i < KEYBOARD_REPORT_KEYS; i++) {
 161               		.loc 1 148 5 view .LVU37
 162               		.loc 1 148 12 view .LVU38
 163 0002 FC01      		movw r30,r24
 164 0004 3296      		adiw r30,2
 147:tmk_core/common/report.c ****     int8_t empty = -1;
 165               		.loc 1 147 12 is_stmt 0 view .LVU39
 166 0006 9FEF      		ldi r25,lo8(-1)
 146:tmk_core/common/report.c ****     int8_t empty = -1;
 167               		.loc 1 146 12 view .LVU40
 168 0008 80E0      		ldi r24,0
 169               	.LVL15:
 170               	.L18:
 149:tmk_core/common/report.c ****         if (keyboard_report->keys[i] == code) {
 171               		.loc 1 149 9 is_stmt 1 view .LVU41
 172               		.loc 1 149 34 is_stmt 0 view .LVU42
 173 000a 4191      		ld r20,Z+
 174               		.loc 1 149 12 view .LVU43
 175 000c 4617      		cp r20,r22
 176 000e 01F0      		breq .L15
 150:tmk_core/common/report.c ****             break;
 151:tmk_core/common/report.c ****         }
 152:tmk_core/common/report.c ****         if (empty == -1 && keyboard_report->keys[i] == 0) {
 177               		.loc 1 152 9 is_stmt 1 view .LVU44
 178               		.loc 1 152 12 is_stmt 0 view .LVU45
 179 0010 9F3F      		cpi r25,lo8(-1)
 180 0012 01F4      		brne .L17
 181               		.loc 1 152 25 discriminator 1 view .LVU46
 182 0014 4111      		cpse r20,__zero_reg__
 183 0016 00C0      		rjmp .L17
 184               		.loc 1 152 25 view .LVU47
 185 0018 982F      		mov r25,r24
 186               	.LVL16:
 187               	.L17:
 148:tmk_core/common/report.c ****         if (keyboard_report->keys[i] == code) {
 188               		.loc 1 148 38 is_stmt 1 view .LVU48
 189 001a 8F5F      		subi r24,lo8(-(1))
 190               	.LVL17:
 148:tmk_core/common/report.c ****         if (keyboard_report->keys[i] == code) {
 191               		.loc 1 148 12 view .LVU49
 148:tmk_core/common/report.c ****         if (keyboard_report->keys[i] == code) {
 192               		.loc 1 148 5 is_stmt 0 view .LVU50
 193 001c 8630      		cpi r24,lo8(6)
 194 001e 01F4      		brne .L18
 153:tmk_core/common/report.c ****             empty = i;
 154:tmk_core/common/report.c ****         }
 155:tmk_core/common/report.c ****     }
 156:tmk_core/common/report.c ****     if (i == KEYBOARD_REPORT_KEYS) {
 195               		.loc 1 156 5 is_stmt 1 view .LVU51
 157:tmk_core/common/report.c ****         if (empty != -1) {
 196               		.loc 1 157 9 view .LVU52
 197               		.loc 1 157 12 is_stmt 0 view .LVU53
 198 0020 9F3F      		cpi r25,lo8(-1)
 199 0022 01F4      		brne .L20
 200               	.L15:
 201               	/* epilogue start */
 158:tmk_core/common/report.c ****             keyboard_report->keys[empty] = code;
 159:tmk_core/common/report.c ****         }
 160:tmk_core/common/report.c ****     }
 161:tmk_core/common/report.c **** #endif
 162:tmk_core/common/report.c **** }
 202               		.loc 1 162 1 view .LVU54
 203 0024 0895      		ret
 204               	.L20:
 158:tmk_core/common/report.c ****             keyboard_report->keys[empty] = code;
 205               		.loc 1 158 13 is_stmt 1 view .LVU55
 158:tmk_core/common/report.c ****             keyboard_report->keys[empty] = code;
 206               		.loc 1 158 42 is_stmt 0 view .LVU56
 207 0026 290F      		add r18,r25
 208 0028 311D      		adc r19,__zero_reg__
 209 002a 97FD      		sbrc r25,7
 210 002c 3A95      		dec r19
 211               	.LVL18:
 158:tmk_core/common/report.c ****             keyboard_report->keys[empty] = code;
 212               		.loc 1 158 42 view .LVU57
 213 002e F901      		movw r30,r18
 214 0030 6283      		std Z+2,r22
 215               		.loc 1 162 1 view .LVU58
 216 0032 0895      		ret
 217               		.cfi_endproc
 218               	.LFE6:
 220               		.section	.text.del_key_byte,"ax",@progbits
 221               	.global	del_key_byte
 223               	del_key_byte:
 224               	.LVL19:
 225               	.LFB7:
 163:tmk_core/common/report.c **** 
 164:tmk_core/common/report.c **** /** \brief del key byte
 165:tmk_core/common/report.c ****  *
 166:tmk_core/common/report.c ****  * FIXME: Needs doc
 167:tmk_core/common/report.c ****  */
 168:tmk_core/common/report.c **** void del_key_byte(report_keyboard_t* keyboard_report, uint8_t code) {
 226               		.loc 1 168 69 is_stmt 1 view -0
 227               		.cfi_startproc
 228               	/* prologue: function */
 229               	/* frame size = 0 */
 230               	/* stack size = 0 */
 231               	.L__stack_usage = 0
 169:tmk_core/common/report.c **** #ifdef USB_6KRO_ENABLE
 170:tmk_core/common/report.c ****     uint8_t i = cb_head;
 171:tmk_core/common/report.c ****     if (cb_count) {
 172:tmk_core/common/report.c ****         do {
 173:tmk_core/common/report.c ****             if (keyboard_report->keys[i] == code) {
 174:tmk_core/common/report.c ****                 keyboard_report->keys[i] = 0;
 175:tmk_core/common/report.c ****                 cb_count--;
 176:tmk_core/common/report.c ****                 if (cb_count == 0) {
 177:tmk_core/common/report.c ****                     // reset head and tail
 178:tmk_core/common/report.c ****                     cb_tail = cb_head = 0;
 179:tmk_core/common/report.c ****                 }
 180:tmk_core/common/report.c ****                 if (i == RO_DEC(cb_tail)) {
 181:tmk_core/common/report.c ****                     // left shift when next to tail
 182:tmk_core/common/report.c ****                     do {
 183:tmk_core/common/report.c ****                         cb_tail = RO_DEC(cb_tail);
 184:tmk_core/common/report.c ****                         if (keyboard_report->keys[RO_DEC(cb_tail)] != 0) {
 185:tmk_core/common/report.c ****                             break;
 186:tmk_core/common/report.c ****                         }
 187:tmk_core/common/report.c ****                     } while (cb_tail != cb_head);
 188:tmk_core/common/report.c ****                 }
 189:tmk_core/common/report.c ****                 break;
 190:tmk_core/common/report.c ****             }
 191:tmk_core/common/report.c ****             i = RO_INC(i);
 192:tmk_core/common/report.c ****         } while (i != cb_tail);
 193:tmk_core/common/report.c ****     }
 194:tmk_core/common/report.c **** #else
 195:tmk_core/common/report.c ****     for (uint8_t i = 0; i < KEYBOARD_REPORT_KEYS; i++) {
 232               		.loc 1 195 5 view .LVU60
 233               	.LBB4:
 234               		.loc 1 195 10 view .LVU61
 235               		.loc 1 195 25 view .LVU62
 236 0000 FC01      		movw r30,r24
 237 0002 3296      		adiw r30,2
 238 0004 0896      		adiw r24,8
 239               	.LVL20:
 240               	.L25:
 196:tmk_core/common/report.c ****         if (keyboard_report->keys[i] == code) {
 241               		.loc 1 196 9 view .LVU63
 242               		.loc 1 196 34 is_stmt 0 view .LVU64
 243 0006 2191      		ld r18,Z+
 244               	.LVL21:
 245               		.loc 1 196 12 view .LVU65
 246 0008 2613      		cpse r18,r22
 247 000a 00C0      		rjmp .L24
 197:tmk_core/common/report.c ****             keyboard_report->keys[i] = 0;
 248               		.loc 1 197 13 is_stmt 1 view .LVU66
 249               		.loc 1 197 38 is_stmt 0 view .LVU67
 250 000c DF01      		movw r26,r30
 251 000e 1197      		sbiw r26,1
 252 0010 1C92      		st X,__zero_reg__
 253               	.L24:
 195:tmk_core/common/report.c ****         if (keyboard_report->keys[i] == code) {
 254               		.loc 1 195 51 is_stmt 1 discriminator 2 view .LVU68
 255               	.LVL22:
 195:tmk_core/common/report.c ****         if (keyboard_report->keys[i] == code) {
 256               		.loc 1 195 25 discriminator 2 view .LVU69
 195:tmk_core/common/report.c ****         if (keyboard_report->keys[i] == code) {
 257               		.loc 1 195 5 is_stmt 0 discriminator 2 view .LVU70
 258 0012 E817      		cp r30,r24
 259 0014 F907      		cpc r31,r25
 260 0016 01F4      		brne .L25
 261               	/* epilogue start */
 262               	.LBE4:
 198:tmk_core/common/report.c ****         }
 199:tmk_core/common/report.c ****     }
 200:tmk_core/common/report.c **** #endif
 201:tmk_core/common/report.c **** }
 263               		.loc 1 201 1 view .LVU71
 264 0018 0895      		ret
 265               		.cfi_endproc
 266               	.LFE7:
 268               		.section	.text.add_key_to_report,"ax",@progbits
 269               	.global	add_key_to_report
 271               	add_key_to_report:
 272               	.LVL23:
 273               	.LFB8:
 202:tmk_core/common/report.c **** 
 203:tmk_core/common/report.c **** #ifdef NKRO_ENABLE
 204:tmk_core/common/report.c **** /** \brief add key bit
 205:tmk_core/common/report.c ****  *
 206:tmk_core/common/report.c ****  * FIXME: Needs doc
 207:tmk_core/common/report.c ****  */
 208:tmk_core/common/report.c **** void add_key_bit(report_keyboard_t* keyboard_report, uint8_t code) {
 209:tmk_core/common/report.c ****     if ((code >> 3) < KEYBOARD_REPORT_BITS) {
 210:tmk_core/common/report.c ****         keyboard_report->nkro.bits[code >> 3] |= 1 << (code & 7);
 211:tmk_core/common/report.c ****     } else {
 212:tmk_core/common/report.c ****         dprintf("add_key_bit: can't add: %02X\n", code);
 213:tmk_core/common/report.c ****     }
 214:tmk_core/common/report.c **** }
 215:tmk_core/common/report.c **** 
 216:tmk_core/common/report.c **** /** \brief del key bit
 217:tmk_core/common/report.c ****  *
 218:tmk_core/common/report.c ****  * FIXME: Needs doc
 219:tmk_core/common/report.c ****  */
 220:tmk_core/common/report.c **** void del_key_bit(report_keyboard_t* keyboard_report, uint8_t code) {
 221:tmk_core/common/report.c ****     if ((code >> 3) < KEYBOARD_REPORT_BITS) {
 222:tmk_core/common/report.c ****         keyboard_report->nkro.bits[code >> 3] &= ~(1 << (code & 7));
 223:tmk_core/common/report.c ****     } else {
 224:tmk_core/common/report.c ****         dprintf("del_key_bit: can't del: %02X\n", code);
 225:tmk_core/common/report.c ****     }
 226:tmk_core/common/report.c **** }
 227:tmk_core/common/report.c **** #endif
 228:tmk_core/common/report.c **** 
 229:tmk_core/common/report.c **** /** \brief add key to report
 230:tmk_core/common/report.c ****  *
 231:tmk_core/common/report.c ****  * FIXME: Needs doc
 232:tmk_core/common/report.c ****  */
 233:tmk_core/common/report.c **** void add_key_to_report(report_keyboard_t* keyboard_report, uint8_t key) {
 274               		.loc 1 233 73 is_stmt 1 view -0
 275               		.cfi_startproc
 276               	/* prologue: function */
 277               	/* frame size = 0 */
 278               	/* stack size = 0 */
 279               	.L__stack_usage = 0
 234:tmk_core/common/report.c **** #ifdef NKRO_ENABLE
 235:tmk_core/common/report.c ****     if (keyboard_protocol && keymap_config.nkro) {
 236:tmk_core/common/report.c ****         add_key_bit(keyboard_report, key);
 237:tmk_core/common/report.c ****         return;
 238:tmk_core/common/report.c ****     }
 239:tmk_core/common/report.c **** #endif
 240:tmk_core/common/report.c ****     add_key_byte(keyboard_report, key);
 280               		.loc 1 240 5 view .LVU73
 281 0000 0C94 0000 		jmp add_key_byte
 282               	.LVL24:
 283               		.loc 1 240 5 is_stmt 0 view .LVU74
 284               		.cfi_endproc
 285               	.LFE8:
 287               		.section	.text.del_key_from_report,"ax",@progbits
 288               	.global	del_key_from_report
 290               	del_key_from_report:
 291               	.LVL25:
 292               	.LFB9:
 241:tmk_core/common/report.c **** }
 242:tmk_core/common/report.c **** 
 243:tmk_core/common/report.c **** /** \brief del key from report
 244:tmk_core/common/report.c ****  *
 245:tmk_core/common/report.c ****  * FIXME: Needs doc
 246:tmk_core/common/report.c ****  */
 247:tmk_core/common/report.c **** void del_key_from_report(report_keyboard_t* keyboard_report, uint8_t key) {
 293               		.loc 1 247 75 is_stmt 1 view -0
 294               		.cfi_startproc
 295               	/* prologue: function */
 296               	/* frame size = 0 */
 297               	/* stack size = 0 */
 298               	.L__stack_usage = 0
 248:tmk_core/common/report.c **** #ifdef NKRO_ENABLE
 249:tmk_core/common/report.c ****     if (keyboard_protocol && keymap_config.nkro) {
 250:tmk_core/common/report.c ****         del_key_bit(keyboard_report, key);
 251:tmk_core/common/report.c ****         return;
 252:tmk_core/common/report.c ****     }
 253:tmk_core/common/report.c **** #endif
 254:tmk_core/common/report.c ****     del_key_byte(keyboard_report, key);
 299               		.loc 1 254 5 view .LVU76
 300 0000 0C94 0000 		jmp del_key_byte
 301               	.LVL26:
 302               		.loc 1 254 5 is_stmt 0 view .LVU77
 303               		.cfi_endproc
 304               	.LFE9:
 306               		.section	.text.clear_keys_from_report,"ax",@progbits
 307               	.global	clear_keys_from_report
 309               	clear_keys_from_report:
 310               	.LVL27:
 311               	.LFB10:
 255:tmk_core/common/report.c **** }
 256:tmk_core/common/report.c **** 
 257:tmk_core/common/report.c **** /** \brief clear key from report
 258:tmk_core/common/report.c ****  *
 259:tmk_core/common/report.c ****  * FIXME: Needs doc
 260:tmk_core/common/report.c ****  */
 261:tmk_core/common/report.c **** void clear_keys_from_report(report_keyboard_t* keyboard_report) {
 312               		.loc 1 261 65 is_stmt 1 view -0
 313               		.cfi_startproc
 314               	/* prologue: function */
 315               	/* frame size = 0 */
 316               	/* stack size = 0 */
 317               	.L__stack_usage = 0
 262:tmk_core/common/report.c ****     // not clear mods
 263:tmk_core/common/report.c **** #ifdef NKRO_ENABLE
 264:tmk_core/common/report.c ****     if (keyboard_protocol && keymap_config.nkro) {
 265:tmk_core/common/report.c ****         memset(keyboard_report->nkro.bits, 0, sizeof(keyboard_report->nkro.bits));
 266:tmk_core/common/report.c ****         return;
 267:tmk_core/common/report.c ****     }
 268:tmk_core/common/report.c **** #endif
 269:tmk_core/common/report.c ****     memset(keyboard_report->keys, 0, sizeof(keyboard_report->keys));
 318               		.loc 1 269 5 view .LVU79
 319 0000 0296      		adiw r24,2
 320               	.LVL28:
 321               		.loc 1 269 5 is_stmt 0 view .LVU80
 322 0002 26E0      		ldi r18,lo8(6)
 323 0004 FC01      		movw r30,r24
 324               		0:
 325 0006 1192      		st Z+,__zero_reg__
 326 0008 2A95      		dec r18
 327 000a 01F4      		brne 0b
 328               	/* epilogue start */
 270:tmk_core/common/report.c **** }
 329               		.loc 1 270 1 view .LVU81
 330 000c 0895      		ret
 331               		.cfi_endproc
 332               	.LFE10:
 334               		.text
 335               	.Letext0:
 336               		.file 2 "c:\\qmk_msys\\mingw64\\avr\\include\\stdint.h"
 337               		.file 3 "tmk_core/common/report.h"
 338               		.file 4 "tmk_core/common/host.h"
 339               		.file 5 "quantum/keycode_config.h"
 340               		.file 6 "tmk_core/common/debug.h"
 341               		.file 7 "tmk_core/common/keycode.h"
DEFINED SYMBOLS
                            *ABS*:0000000000000000 report.c
C:\Users\xue\AppData\Local\Temp\ccJ8KUcV.s:2      *ABS*:000000000000003e __SP_H__
C:\Users\xue\AppData\Local\Temp\ccJ8KUcV.s:3      *ABS*:000000000000003d __SP_L__
C:\Users\xue\AppData\Local\Temp\ccJ8KUcV.s:4      *ABS*:000000000000003f __SREG__
C:\Users\xue\AppData\Local\Temp\ccJ8KUcV.s:5      *ABS*:0000000000000000 __tmp_reg__
C:\Users\xue\AppData\Local\Temp\ccJ8KUcV.s:6      *ABS*:0000000000000001 __zero_reg__
C:\Users\xue\AppData\Local\Temp\ccJ8KUcV.s:13     .text.has_anykey:0000000000000000 has_anykey
C:\Users\xue\AppData\Local\Temp\ccJ8KUcV.s:69     .text.get_first_key:0000000000000000 get_first_key
C:\Users\xue\AppData\Local\Temp\ccJ8KUcV.s:92     .text.is_key_pressed:0000000000000000 is_key_pressed
C:\Users\xue\AppData\Local\Temp\ccJ8KUcV.s:147    .text.add_key_byte:0000000000000000 add_key_byte
C:\Users\xue\AppData\Local\Temp\ccJ8KUcV.s:223    .text.del_key_byte:0000000000000000 del_key_byte
C:\Users\xue\AppData\Local\Temp\ccJ8KUcV.s:271    .text.add_key_to_report:0000000000000000 add_key_to_report
C:\Users\xue\AppData\Local\Temp\ccJ8KUcV.s:290    .text.del_key_from_report:0000000000000000 del_key_from_report
C:\Users\xue\AppData\Local\Temp\ccJ8KUcV.s:309    .text.clear_keys_from_report:0000000000000000 clear_keys_from_report

NO UNDEFINED SYMBOLS
